{"/Users/elluminati/Downloads/choose-game-development-tech/src/game/audio.ts": {"path":"/Users/elluminati/Downloads/choose-game-development-tech/src/game/audio.ts","statementMap":{"0":{"start":{"line":7,"column":36},"end":{"line":7,"column":null}},"1":{"start":{"line":8,"column":34},"end":{"line":8,"column":null}},"2":{"start":{"line":9,"column":33},"end":{"line":9,"column":null}},"3":{"start":{"line":10,"column":31},"end":{"line":10,"column":null}},"4":{"start":{"line":11,"column":19},"end":{"line":11,"column":null}},"5":{"start":{"line":12,"column":41},"end":{"line":12,"column":null}},"6":{"start":{"line":13,"column":60},"end":{"line":13,"column":null}},"7":{"start":{"line":16,"column":19},"end":{"line":16,"column":null}},"8":{"start":{"line":17,"column":16},"end":{"line":17,"column":null}},"9":{"start":{"line":18,"column":18},"end":{"line":18,"column":null}},"10":{"start":{"line":21,"column":4},"end":{"line":34,"column":null}},"11":{"start":{"line":22,"column":8},"end":{"line":22,"column":null}},"12":{"start":{"line":23,"column":8},"end":{"line":23,"column":null}},"13":{"start":{"line":24,"column":8},"end":{"line":24,"column":null}},"14":{"start":{"line":25,"column":8},"end":{"line":25,"column":null}},"15":{"start":{"line":27,"column":8},"end":{"line":27,"column":null}},"16":{"start":{"line":28,"column":8},"end":{"line":28,"column":null}},"17":{"start":{"line":29,"column":8},"end":{"line":29,"column":null}},"18":{"start":{"line":31,"column":8},"end":{"line":31,"column":null}},"19":{"start":{"line":32,"column":8},"end":{"line":32,"column":null}},"20":{"start":{"line":33,"column":8},"end":{"line":33,"column":null}},"21":{"start":{"line":35,"column":4},"end":{"line":37,"column":null}},"22":{"start":{"line":36,"column":8},"end":{"line":36,"column":null}},"23":{"start":{"line":38,"column":4},"end":{"line":38,"column":null}},"24":{"start":{"line":47,"column":16},"end":{"line":47,"column":null}},"25":{"start":{"line":48,"column":16},"end":{"line":48,"column":null}},"26":{"start":{"line":49,"column":17},"end":{"line":49,"column":null}},"27":{"start":{"line":51,"column":4},"end":{"line":51,"column":null}},"28":{"start":{"line":52,"column":4},"end":{"line":52,"column":null}},"29":{"start":{"line":53,"column":4},"end":{"line":53,"column":null}},"30":{"start":{"line":55,"column":22},"end":{"line":55,"column":null}},"31":{"start":{"line":56,"column":4},"end":{"line":56,"column":null}},"32":{"start":{"line":57,"column":4},"end":{"line":57,"column":null}},"33":{"start":{"line":59,"column":4},"end":{"line":59,"column":null}},"34":{"start":{"line":60,"column":4},"end":{"line":60,"column":null}},"35":{"start":{"line":62,"column":4},"end":{"line":62,"column":null}},"36":{"start":{"line":63,"column":4},"end":{"line":63,"column":null}},"37":{"start":{"line":68,"column":16},"end":{"line":68,"column":null}},"38":{"start":{"line":69,"column":23},"end":{"line":69,"column":null}},"39":{"start":{"line":70,"column":19},"end":{"line":70,"column":null}},"40":{"start":{"line":71,"column":17},"end":{"line":71,"column":null}},"41":{"start":{"line":72,"column":4},"end":{"line":74,"column":null}},"42":{"start":{"line":72,"column":17},"end":{"line":72,"column":20}},"43":{"start":{"line":73,"column":8},"end":{"line":73,"column":null}},"44":{"start":{"line":76,"column":19},"end":{"line":76,"column":null}},"45":{"start":{"line":77,"column":4},"end":{"line":77,"column":null}},"46":{"start":{"line":79,"column":19},"end":{"line":79,"column":null}},"47":{"start":{"line":80,"column":4},"end":{"line":80,"column":null}},"48":{"start":{"line":81,"column":4},"end":{"line":81,"column":null}},"49":{"start":{"line":83,"column":17},"end":{"line":83,"column":null}},"50":{"start":{"line":84,"column":4},"end":{"line":84,"column":null}},"51":{"start":{"line":85,"column":4},"end":{"line":85,"column":null}},"52":{"start":{"line":87,"column":4},"end":{"line":87,"column":null}},"53":{"start":{"line":88,"column":4},"end":{"line":88,"column":null}},"54":{"start":{"line":89,"column":4},"end":{"line":89,"column":null}},"55":{"start":{"line":91,"column":4},"end":{"line":91,"column":null}},"56":{"start":{"line":92,"column":4},"end":{"line":92,"column":null}},"57":{"start":{"line":98,"column":4},"end":{"line":98,"column":null}},"58":{"start":{"line":99,"column":4},"end":{"line":99,"column":null}},"59":{"start":{"line":100,"column":4},"end":{"line":100,"column":null}},"60":{"start":{"line":104,"column":4},"end":{"line":104,"column":null}},"61":{"start":{"line":105,"column":4},"end":{"line":105,"column":null}},"62":{"start":{"line":109,"column":4},"end":{"line":109,"column":null}},"63":{"start":{"line":110,"column":4},"end":{"line":110,"column":null}},"64":{"start":{"line":111,"column":4},"end":{"line":111,"column":null}},"65":{"start":{"line":115,"column":4},"end":{"line":115,"column":null}},"66":{"start":{"line":116,"column":4},"end":{"line":116,"column":null}},"67":{"start":{"line":117,"column":4},"end":{"line":117,"column":null}},"68":{"start":{"line":121,"column":4},"end":{"line":121,"column":null}},"69":{"start":{"line":122,"column":4},"end":{"line":122,"column":null}},"70":{"start":{"line":123,"column":4},"end":{"line":123,"column":null}},"71":{"start":{"line":127,"column":4},"end":{"line":127,"column":null}},"72":{"start":{"line":128,"column":4},"end":{"line":128,"column":null}},"73":{"start":{"line":129,"column":4},"end":{"line":129,"column":null}},"74":{"start":{"line":133,"column":4},"end":{"line":133,"column":null}},"75":{"start":{"line":134,"column":4},"end":{"line":134,"column":null}},"76":{"start":{"line":135,"column":4},"end":{"line":135,"column":null}},"77":{"start":{"line":139,"column":4},"end":{"line":139,"column":null}},"78":{"start":{"line":140,"column":4},"end":{"line":140,"column":null}},"79":{"start":{"line":144,"column":4},"end":{"line":144,"column":null}},"80":{"start":{"line":145,"column":4},"end":{"line":145,"column":null}},"81":{"start":{"line":146,"column":4},"end":{"line":146,"column":null}},"82":{"start":{"line":147,"column":4},"end":{"line":147,"column":null}},"83":{"start":{"line":151,"column":4},"end":{"line":151,"column":null}},"84":{"start":{"line":152,"column":4},"end":{"line":152,"column":null}},"85":{"start":{"line":153,"column":4},"end":{"line":153,"column":null}},"86":{"start":{"line":157,"column":4},"end":{"line":157,"column":null}},"87":{"start":{"line":158,"column":4},"end":{"line":158,"column":null}},"88":{"start":{"line":159,"column":4},"end":{"line":159,"column":null}},"89":{"start":{"line":163,"column":4},"end":{"line":163,"column":null}},"90":{"start":{"line":164,"column":4},"end":{"line":164,"column":null}},"91":{"start":{"line":165,"column":4},"end":{"line":165,"column":null}},"92":{"start":{"line":169,"column":4},"end":{"line":171,"column":null}},"93":{"start":{"line":169,"column":17},"end":{"line":169,"column":20}},"94":{"start":{"line":170,"column":8},"end":{"line":170,"column":null}},"95":{"start":{"line":172,"column":4},"end":{"line":172,"column":null}},"96":{"start":{"line":176,"column":4},"end":{"line":178,"column":null}},"97":{"start":{"line":176,"column":17},"end":{"line":176,"column":20}},"98":{"start":{"line":177,"column":8},"end":{"line":177,"column":null}},"99":{"start":{"line":182,"column":4},"end":{"line":182,"column":null}},"100":{"start":{"line":183,"column":4},"end":{"line":183,"column":null}},"101":{"start":{"line":184,"column":4},"end":{"line":184,"column":null}},"102":{"start":{"line":188,"column":4},"end":{"line":188,"column":null}},"103":{"start":{"line":189,"column":4},"end":{"line":189,"column":null}},"104":{"start":{"line":190,"column":4},"end":{"line":190,"column":null}},"105":{"start":{"line":191,"column":4},"end":{"line":191,"column":null}},"106":{"start":{"line":192,"column":4},"end":{"line":192,"column":null}},"107":{"start":{"line":196,"column":4},"end":{"line":196,"column":null}},"108":{"start":{"line":197,"column":4},"end":{"line":197,"column":null}},"109":{"start":{"line":201,"column":4},"end":{"line":201,"column":null}},"110":{"start":{"line":202,"column":4},"end":{"line":202,"column":null}},"111":{"start":{"line":203,"column":4},"end":{"line":203,"column":null}},"112":{"start":{"line":207,"column":4},"end":{"line":207,"column":null}},"113":{"start":{"line":208,"column":4},"end":{"line":208,"column":null}},"114":{"start":{"line":212,"column":18},"end":{"line":212,"column":null}},"115":{"start":{"line":213,"column":4},"end":{"line":216,"column":null}},"116":{"start":{"line":214,"column":8},"end":{"line":214,"column":null}},"117":{"start":{"line":215,"column":8},"end":{"line":215,"column":null}},"118":{"start":{"line":220,"column":18},"end":{"line":220,"column":null}},"119":{"start":{"line":221,"column":4},"end":{"line":224,"column":null}},"120":{"start":{"line":222,"column":8},"end":{"line":222,"column":null}},"121":{"start":{"line":223,"column":8},"end":{"line":223,"column":null}},"122":{"start":{"line":228,"column":19},"end":{"line":228,"column":null}},"123":{"start":{"line":229,"column":4},"end":{"line":232,"column":null}},"124":{"start":{"line":230,"column":8},"end":{"line":230,"column":null}},"125":{"start":{"line":231,"column":8},"end":{"line":231,"column":null}},"126":{"start":{"line":236,"column":4},"end":{"line":236,"column":null}},"127":{"start":{"line":237,"column":4},"end":{"line":237,"column":null}},"128":{"start":{"line":238,"column":4},"end":{"line":238,"column":null}},"129":{"start":{"line":242,"column":4},"end":{"line":242,"column":null}},"130":{"start":{"line":243,"column":4},"end":{"line":243,"column":null}},"131":{"start":{"line":247,"column":4},"end":{"line":247,"column":null}},"132":{"start":{"line":248,"column":4},"end":{"line":248,"column":null}},"133":{"start":{"line":252,"column":4},"end":{"line":252,"column":null}},"134":{"start":{"line":253,"column":4},"end":{"line":258,"column":null}},"135":{"start":{"line":254,"column":20},"end":{"line":254,"column":null}},"136":{"start":{"line":255,"column":8},"end":{"line":255,"column":null}},"137":{"start":{"line":256,"column":8},"end":{"line":256,"column":null}},"138":{"start":{"line":257,"column":8},"end":{"line":257,"column":null}},"139":{"start":{"line":262,"column":4},"end":{"line":262,"column":null}},"140":{"start":{"line":263,"column":4},"end":{"line":263,"column":null}},"141":{"start":{"line":263,"column":20},"end":{"line":263,"column":null}},"142":{"start":{"line":264,"column":16},"end":{"line":264,"column":null}},"143":{"start":{"line":265,"column":19},"end":{"line":265,"column":null}},"144":{"start":{"line":266,"column":4},"end":{"line":266,"column":null}},"145":{"start":{"line":267,"column":4},"end":{"line":267,"column":null}},"146":{"start":{"line":271,"column":4},"end":{"line":271,"column":null}},"147":{"start":{"line":272,"column":4},"end":{"line":272,"column":null}},"148":{"start":{"line":276,"column":4},"end":{"line":276,"column":null}},"149":{"start":{"line":277,"column":4},"end":{"line":277,"column":null}},"150":{"start":{"line":281,"column":4},"end":{"line":281,"column":null}},"151":{"start":{"line":282,"column":4},"end":{"line":282,"column":null}},"152":{"start":{"line":283,"column":4},"end":{"line":283,"column":null}},"153":{"start":{"line":287,"column":4},"end":{"line":287,"column":null}},"154":{"start":{"line":288,"column":4},"end":{"line":288,"column":null}},"155":{"start":{"line":289,"column":4},"end":{"line":289,"column":null}},"156":{"start":{"line":295,"column":19},"end":{"line":295,"column":null}},"157":{"start":{"line":298,"column":4},"end":{"line":298,"column":null}},"158":{"start":{"line":298,"column":22},"end":{"line":298,"column":null}},"159":{"start":{"line":299,"column":4},"end":{"line":299,"column":null}},"160":{"start":{"line":300,"column":4},"end":{"line":300,"column":null}},"161":{"start":{"line":302,"column":21},"end":{"line":302,"column":null}},"162":{"start":{"line":303,"column":20},"end":{"line":303,"column":null}},"163":{"start":{"line":304,"column":15},"end":{"line":304,"column":null}},"164":{"start":{"line":306,"column":4},"end":{"line":331,"column":null}},"165":{"start":{"line":307,"column":8},"end":{"line":307,"column":null}},"166":{"start":{"line":307,"column":54},"end":{"line":307,"column":null}},"167":{"start":{"line":309,"column":22},"end":{"line":309,"column":null}},"168":{"start":{"line":309,"column":42},"end":{"line":309,"column":64}},"169":{"start":{"line":310,"column":14},"end":{"line":310,"column":null}},"170":{"start":{"line":311,"column":21},"end":{"line":311,"column":null}},"171":{"start":{"line":314,"column":8},"end":{"line":316,"column":null}},"172":{"start":{"line":315,"column":12},"end":{"line":315,"column":null}},"173":{"start":{"line":319,"column":8},"end":{"line":321,"column":null}},"174":{"start":{"line":320,"column":12},"end":{"line":320,"column":null}},"175":{"start":{"line":324,"column":8},"end":{"line":327,"column":null}},"176":{"start":{"line":325,"column":12},"end":{"line":325,"column":null}},"177":{"start":{"line":326,"column":12},"end":{"line":326,"column":null}},"178":{"start":{"line":329,"column":8},"end":{"line":329,"column":null}},"179":{"start":{"line":330,"column":8},"end":{"line":330,"column":null}},"180":{"start":{"line":335,"column":4},"end":{"line":335,"column":null}},"181":{"start":{"line":336,"column":4},"end":{"line":339,"column":null}},"182":{"start":{"line":337,"column":8},"end":{"line":337,"column":null}},"183":{"start":{"line":338,"column":8},"end":{"line":338,"column":null}},"184":{"start":{"line":340,"column":4},"end":{"line":340,"column":null}},"185":{"start":{"line":340,"column":36},"end":{"line":340,"column":86}},"186":{"start":{"line":340,"column":42},"end":{"line":340,"column":52}},"187":{"start":{"line":341,"column":4},"end":{"line":341,"column":null}},"188":{"start":{"line":347,"column":4},"end":{"line":347,"column":null}},"189":{"start":{"line":348,"column":4},"end":{"line":348,"column":null}},"190":{"start":{"line":348,"column":20},"end":{"line":348,"column":null}},"191":{"start":{"line":352,"column":4},"end":{"line":352,"column":null}},"192":{"start":{"line":353,"column":4},"end":{"line":353,"column":null}},"193":{"start":{"line":353,"column":17},"end":{"line":353,"column":null}},"194":{"start":{"line":357,"column":4},"end":{"line":357,"column":null}},"195":{"start":{"line":358,"column":4},"end":{"line":358,"column":null}},"196":{"start":{"line":358,"column":19},"end":{"line":358,"column":null}},"197":{"start":{"line":361,"column":44},"end":{"line":361,"column":65}},"198":{"start":{"line":362,"column":41},"end":{"line":362,"column":59}},"199":{"start":{"line":363,"column":43},"end":{"line":363,"column":63}},"200":{"start":{"line":365,"column":44},"end":{"line":365,"column":65}},"201":{"start":{"line":369,"column":4},"end":{"line":369,"column":null}}},"fnMap":{"0":{"name":"ensureContext","decl":{"start":{"line":20,"column":9},"end":{"line":20,"column":39}},"loc":{"start":{"line":20,"column":39},"end":{"line":39,"column":null}},"line":20},"1":{"name":"playTone","decl":{"start":{"line":42,"column":9},"end":{"line":42,"column":null}},"loc":{"start":{"line":46,"column":2},"end":{"line":64,"column":null}},"line":46},"2":{"name":"playNoise","decl":{"start":{"line":67,"column":9},"end":{"line":67,"column":19}},"loc":{"start":{"line":67,"column":74},"end":{"line":93,"column":null}},"line":67},"3":{"name":"playJump","decl":{"start":{"line":97,"column":16},"end":{"line":97,"column":33}},"loc":{"start":{"line":97,"column":33},"end":{"line":101,"column":null}},"line":97},"4":{"name":"playLand","decl":{"start":{"line":103,"column":16},"end":{"line":103,"column":33}},"loc":{"start":{"line":103,"column":33},"end":{"line":106,"column":null}},"line":103},"5":{"name":"playCastFire","decl":{"start":{"line":108,"column":16},"end":{"line":108,"column":37}},"loc":{"start":{"line":108,"column":37},"end":{"line":112,"column":null}},"line":108},"6":{"name":"playCastWater","decl":{"start":{"line":114,"column":16},"end":{"line":114,"column":38}},"loc":{"start":{"line":114,"column":38},"end":{"line":118,"column":null}},"line":114},"7":{"name":"playCastEarth","decl":{"start":{"line":120,"column":16},"end":{"line":120,"column":38}},"loc":{"start":{"line":120,"column":38},"end":{"line":124,"column":null}},"line":120},"8":{"name":"playCastWind","decl":{"start":{"line":126,"column":16},"end":{"line":126,"column":37}},"loc":{"start":{"line":126,"column":37},"end":{"line":130,"column":null}},"line":126},"9":{"name":"playHit","decl":{"start":{"line":132,"column":16},"end":{"line":132,"column":32}},"loc":{"start":{"line":132,"column":32},"end":{"line":136,"column":null}},"line":132},"10":{"name":"playEnemyHit","decl":{"start":{"line":138,"column":16},"end":{"line":138,"column":37}},"loc":{"start":{"line":138,"column":37},"end":{"line":141,"column":null}},"line":138},"11":{"name":"playEnemyDeath","decl":{"start":{"line":143,"column":16},"end":{"line":143,"column":39}},"loc":{"start":{"line":143,"column":39},"end":{"line":148,"column":null}},"line":143},"12":{"name":"playSuperEffective","decl":{"start":{"line":150,"column":16},"end":{"line":150,"column":43}},"loc":{"start":{"line":150,"column":43},"end":{"line":154,"column":null}},"line":150},"13":{"name":"playGemCollect","decl":{"start":{"line":156,"column":16},"end":{"line":156,"column":39}},"loc":{"start":{"line":156,"column":39},"end":{"line":160,"column":null}},"line":156},"14":{"name":"playPotionCollect","decl":{"start":{"line":162,"column":16},"end":{"line":162,"column":42}},"loc":{"start":{"line":162,"column":42},"end":{"line":166,"column":null}},"line":162},"15":{"name":"playPortalOpen","decl":{"start":{"line":168,"column":16},"end":{"line":168,"column":39}},"loc":{"start":{"line":168,"column":39},"end":{"line":173,"column":null}},"line":168},"16":{"name":"playPortalEnter","decl":{"start":{"line":175,"column":16},"end":{"line":175,"column":40}},"loc":{"start":{"line":175,"column":40},"end":{"line":179,"column":null}},"line":175},"17":{"name":"playDamage","decl":{"start":{"line":181,"column":16},"end":{"line":181,"column":35}},"loc":{"start":{"line":181,"column":35},"end":{"line":185,"column":null}},"line":181},"18":{"name":"playDeath","decl":{"start":{"line":187,"column":16},"end":{"line":187,"column":34}},"loc":{"start":{"line":187,"column":34},"end":{"line":193,"column":null}},"line":187},"19":{"name":"playMenuSelect","decl":{"start":{"line":195,"column":16},"end":{"line":195,"column":39}},"loc":{"start":{"line":195,"column":39},"end":{"line":198,"column":null}},"line":195},"20":{"name":"playDash","decl":{"start":{"line":200,"column":16},"end":{"line":200,"column":33}},"loc":{"start":{"line":200,"column":33},"end":{"line":204,"column":null}},"line":200},"21":{"name":"playCrateBreak","decl":{"start":{"line":206,"column":16},"end":{"line":206,"column":39}},"loc":{"start":{"line":206,"column":39},"end":{"line":209,"column":null}},"line":206},"22":{"name":"playLevelComplete","decl":{"start":{"line":211,"column":16},"end":{"line":211,"column":42}},"loc":{"start":{"line":211,"column":42},"end":{"line":217,"column":null}},"line":211},"23":{"name":"(anonymous_23)","decl":{"start":{"line":213,"column":18},"end":{"line":213,"column":19}},"loc":{"start":{"line":213,"column":28},"end":{"line":216,"column":5}},"line":213},"24":{"name":"playGameOver","decl":{"start":{"line":219,"column":16},"end":{"line":219,"column":37}},"loc":{"start":{"line":219,"column":37},"end":{"line":225,"column":null}},"line":219},"25":{"name":"(anonymous_25)","decl":{"start":{"line":221,"column":18},"end":{"line":221,"column":19}},"loc":{"start":{"line":221,"column":28},"end":{"line":224,"column":5}},"line":221},"26":{"name":"playVictory","decl":{"start":{"line":227,"column":16},"end":{"line":227,"column":36}},"loc":{"start":{"line":227,"column":36},"end":{"line":233,"column":null}},"line":227},"27":{"name":"(anonymous_27)","decl":{"start":{"line":229,"column":19},"end":{"line":229,"column":20}},"loc":{"start":{"line":229,"column":29},"end":{"line":232,"column":5}},"line":229},"28":{"name":"playUltimateReady","decl":{"start":{"line":235,"column":16},"end":{"line":235,"column":42}},"loc":{"start":{"line":235,"column":42},"end":{"line":239,"column":null}},"line":235},"29":{"name":"playPause","decl":{"start":{"line":241,"column":16},"end":{"line":241,"column":34}},"loc":{"start":{"line":241,"column":34},"end":{"line":244,"column":null}},"line":241},"30":{"name":"playUnpause","decl":{"start":{"line":246,"column":16},"end":{"line":246,"column":36}},"loc":{"start":{"line":246,"column":36},"end":{"line":249,"column":null}},"line":246},"31":{"name":"duckMusicForUltimate","decl":{"start":{"line":251,"column":16},"end":{"line":251,"column":45}},"loc":{"start":{"line":251,"column":45},"end":{"line":259,"column":null}},"line":251},"32":{"name":"fadeMusicTo","decl":{"start":{"line":261,"column":16},"end":{"line":261,"column":28}},"loc":{"start":{"line":261,"column":70},"end":{"line":268,"column":null}},"line":261},"33":{"name":"playSpikeHit","decl":{"start":{"line":270,"column":16},"end":{"line":270,"column":37}},"loc":{"start":{"line":270,"column":37},"end":{"line":273,"column":null}},"line":270},"34":{"name":"playElementSwitch","decl":{"start":{"line":275,"column":16},"end":{"line":275,"column":42}},"loc":{"start":{"line":275,"column":42},"end":{"line":278,"column":null}},"line":275},"35":{"name":"playStoneOpen","decl":{"start":{"line":280,"column":16},"end":{"line":280,"column":38}},"loc":{"start":{"line":280,"column":38},"end":{"line":284,"column":null}},"line":280},"36":{"name":"playMetalClick","decl":{"start":{"line":286,"column":16},"end":{"line":286,"column":39}},"loc":{"start":{"line":286,"column":39},"end":{"line":290,"column":null}},"line":286},"37":{"name":"startMusic","decl":{"start":{"line":297,"column":16},"end":{"line":297,"column":27}},"loc":{"start":{"line":297,"column":44},"end":{"line":332,"column":null}},"line":297},"38":{"name":"(anonymous_38)","decl":{"start":{"line":306,"column":33},"end":{"line":306,"column":39}},"loc":{"start":{"line":306,"column":39},"end":{"line":331,"column":7}},"line":306},"39":{"name":"(anonymous_39)","decl":{"start":{"line":309,"column":37},"end":{"line":309,"column":42}},"loc":{"start":{"line":309,"column":42},"end":{"line":309,"column":64}},"line":309},"40":{"name":"stopMusic","decl":{"start":{"line":334,"column":16},"end":{"line":334,"column":34}},"loc":{"start":{"line":334,"column":34},"end":{"line":342,"column":null}},"line":334},"41":{"name":"(anonymous_41)","decl":{"start":{"line":340,"column":29},"end":{"line":340,"column":34}},"loc":{"start":{"line":340,"column":34},"end":{"line":340,"column":87}},"line":340},"42":{"name":"setMasterVolume","decl":{"start":{"line":346,"column":16},"end":{"line":346,"column":32}},"loc":{"start":{"line":346,"column":49},"end":{"line":349,"column":null}},"line":346},"43":{"name":"setSfxVolume","decl":{"start":{"line":351,"column":16},"end":{"line":351,"column":29}},"loc":{"start":{"line":351,"column":46},"end":{"line":354,"column":null}},"line":351},"44":{"name":"setMusicVolume","decl":{"start":{"line":356,"column":16},"end":{"line":356,"column":31}},"loc":{"start":{"line":356,"column":48},"end":{"line":359,"column":null}},"line":356},"45":{"name":"getMasterVolume","decl":{"start":{"line":361,"column":16},"end":{"line":361,"column":42}},"loc":{"start":{"line":361,"column":42},"end":{"line":361,"column":null}},"line":361},"46":{"name":"getSfxVolume","decl":{"start":{"line":362,"column":16},"end":{"line":362,"column":39}},"loc":{"start":{"line":362,"column":39},"end":{"line":362,"column":null}},"line":362},"47":{"name":"getMusicVolume","decl":{"start":{"line":363,"column":16},"end":{"line":363,"column":41}},"loc":{"start":{"line":363,"column":41},"end":{"line":363,"column":null}},"line":363},"48":{"name":"isMusicPlaying","decl":{"start":{"line":365,"column":16},"end":{"line":365,"column":42}},"loc":{"start":{"line":365,"column":42},"end":{"line":365,"column":null}},"line":365},"49":{"name":"initAudio","decl":{"start":{"line":368,"column":16},"end":{"line":368,"column":34}},"loc":{"start":{"line":368,"column":34},"end":{"line":370,"column":null}},"line":368}},"branchMap":{"0":{"loc":{"start":{"line":21,"column":4},"end":{"line":34,"column":null}},"type":"if","locations":[{"start":{"line":21,"column":4},"end":{"line":34,"column":null}},{"start":{},"end":{}}],"line":21},"1":{"loc":{"start":{"line":22,"column":24},"end":{"line":22,"column":134}},"type":"binary-expr","locations":[{"start":{"line":22,"column":24},"end":{"line":22,"column":48}},{"start":{"line":22,"column":48},"end":{"line":22,"column":134}}],"line":22},"2":{"loc":{"start":{"line":35,"column":4},"end":{"line":37,"column":null}},"type":"if","locations":[{"start":{"line":35,"column":4},"end":{"line":37,"column":null}},{"start":{},"end":{}}],"line":35},"3":{"loc":{"start":{"line":43,"column":36},"end":{"line":43,"column":null}},"type":"default-arg","locations":[{"start":{"line":43,"column":59},"end":{"line":43,"column":null}}],"line":43},"4":{"loc":{"start":{"line":44,"column":4},"end":{"line":44,"column":18}},"type":"default-arg","locations":[{"start":{"line":44,"column":13},"end":{"line":44,"column":18}}],"line":44},"5":{"loc":{"start":{"line":44,"column":18},"end":{"line":44,"column":30}},"type":"default-arg","locations":[{"start":{"line":44,"column":27},"end":{"line":44,"column":30}}],"line":44},"6":{"loc":{"start":{"line":44,"column":30},"end":{"line":44,"column":null}},"type":"default-arg","locations":[{"start":{"line":44,"column":38},"end":{"line":44,"column":null}}],"line":44},"7":{"loc":{"start":{"line":60,"column":17},"end":{"line":60,"column":57}},"type":"binary-expr","locations":[{"start":{"line":60,"column":17},"end":{"line":60,"column":31}},{"start":{"line":60,"column":31},"end":{"line":60,"column":42}},{"start":{"line":60,"column":42},"end":{"line":60,"column":57}}],"line":60},"8":{"loc":{"start":{"line":67,"column":37},"end":{"line":67,"column":51}},"type":"default-arg","locations":[{"start":{"line":67,"column":46},"end":{"line":67,"column":51}}],"line":67},"9":{"loc":{"start":{"line":67,"column":51},"end":{"line":67,"column":74}},"type":"default-arg","locations":[{"start":{"line":67,"column":62},"end":{"line":67,"column":74}}],"line":67},"10":{"loc":{"start":{"line":89,"column":17},"end":{"line":89,"column":43}},"type":"binary-expr","locations":[{"start":{"line":89,"column":17},"end":{"line":89,"column":28}},{"start":{"line":89,"column":28},"end":{"line":89,"column":43}}],"line":89},"11":{"loc":{"start":{"line":253,"column":4},"end":{"line":258,"column":null}},"type":"if","locations":[{"start":{"line":253,"column":4},"end":{"line":258,"column":null}},{"start":{},"end":{}}],"line":253},"12":{"loc":{"start":{"line":261,"column":48},"end":{"line":261,"column":70}},"type":"default-arg","locations":[{"start":{"line":261,"column":59},"end":{"line":261,"column":70}}],"line":261},"13":{"loc":{"start":{"line":263,"column":4},"end":{"line":263,"column":null}},"type":"if","locations":[{"start":{"line":263,"column":4},"end":{"line":263,"column":null}},{"start":{},"end":{}}],"line":263},"14":{"loc":{"start":{"line":297,"column":27},"end":{"line":297,"column":44}},"type":"default-arg","locations":[{"start":{"line":297,"column":35},"end":{"line":297,"column":44}}],"line":297},"15":{"loc":{"start":{"line":298,"column":4},"end":{"line":298,"column":null}},"type":"if","locations":[{"start":{"line":298,"column":4},"end":{"line":298,"column":null}},{"start":{},"end":{}}],"line":298},"16":{"loc":{"start":{"line":307,"column":8},"end":{"line":307,"column":null}},"type":"if","locations":[{"start":{"line":307,"column":8},"end":{"line":307,"column":null}},{"start":{},"end":{}}],"line":307},"17":{"loc":{"start":{"line":307,"column":12},"end":{"line":307,"column":54}},"type":"binary-expr","locations":[{"start":{"line":307,"column":12},"end":{"line":307,"column":25}},{"start":{"line":307,"column":25},"end":{"line":307,"column":39}},{"start":{"line":307,"column":39},"end":{"line":307,"column":54}}],"line":307},"18":{"loc":{"start":{"line":314,"column":8},"end":{"line":316,"column":null}},"type":"if","locations":[{"start":{"line":314,"column":8},"end":{"line":316,"column":null}},{"start":{},"end":{}}],"line":314},"19":{"loc":{"start":{"line":319,"column":8},"end":{"line":321,"column":null}},"type":"if","locations":[{"start":{"line":319,"column":8},"end":{"line":321,"column":null}},{"start":{},"end":{}}],"line":319},"20":{"loc":{"start":{"line":324,"column":8},"end":{"line":327,"column":null}},"type":"if","locations":[{"start":{"line":324,"column":8},"end":{"line":327,"column":null}},{"start":{},"end":{}}],"line":324},"21":{"loc":{"start":{"line":336,"column":4},"end":{"line":339,"column":null}},"type":"if","locations":[{"start":{"line":336,"column":4},"end":{"line":339,"column":null}},{"start":{},"end":{}}],"line":336},"22":{"loc":{"start":{"line":348,"column":4},"end":{"line":348,"column":null}},"type":"if","locations":[{"start":{"line":348,"column":4},"end":{"line":348,"column":null}},{"start":{},"end":{}}],"line":348},"23":{"loc":{"start":{"line":353,"column":4},"end":{"line":353,"column":null}},"type":"if","locations":[{"start":{"line":353,"column":4},"end":{"line":353,"column":null}},{"start":{},"end":{}}],"line":353},"24":{"loc":{"start":{"line":358,"column":4},"end":{"line":358,"column":null}},"type":"if","locations":[{"start":{"line":358,"column":4},"end":{"line":358,"column":null}},{"start":{},"end":{}}],"line":358}},"s":{"0":4,"1":4,"2":4,"3":4,"4":4,"5":4,"6":4,"7":4,"8":4,"9":4,"10":40,"11":2,"12":2,"13":2,"14":2,"15":2,"16":2,"17":2,"18":2,"19":2,"20":2,"21":40,"22":0,"23":40,"24":38,"25":38,"26":38,"27":38,"28":38,"29":38,"30":38,"31":38,"32":38,"33":38,"34":38,"35":38,"36":38,"37":2,"38":2,"39":2,"40":2,"41":2,"42":2,"43":13230,"44":2,"45":2,"46":2,"47":2,"48":2,"49":2,"50":2,"51":2,"52":2,"53":2,"54":2,"55":2,"56":2,"57":0,"58":0,"59":0,"60":0,"61":0,"62":0,"63":0,"64":0,"65":0,"66":0,"67":0,"68":0,"69":0,"70":0,"71":0,"72":0,"73":0,"74":0,"75":0,"76":0,"77":3,"78":3,"79":1,"80":1,"81":1,"82":1,"83":1,"84":1,"85":1,"86":0,"87":0,"88":0,"89":1,"90":1,"91":1,"92":0,"93":0,"94":0,"95":0,"96":0,"97":0,"98":0,"99":0,"100":0,"101":0,"102":0,"103":0,"104":0,"105":0,"106":0,"107":0,"108":0,"109":2,"110":2,"111":2,"112":0,"113":0,"114":1,"115":1,"116":6,"117":6,"118":0,"119":0,"120":0,"121":0,"122":0,"123":0,"124":0,"125":0,"126":2,"127":2,"128":2,"129":0,"130":0,"131":0,"132":0,"133":0,"134":0,"135":0,"136":0,"137":0,"138":0,"139":0,"140":0,"141":0,"142":0,"143":0,"144":0,"145":0,"146":0,"147":0,"148":0,"149":0,"150":0,"151":0,"152":0,"153":0,"154":0,"155":0,"156":4,"157":0,"158":0,"159":0,"160":0,"161":0,"162":0,"163":0,"164":0,"165":0,"166":0,"167":0,"168":0,"169":0,"170":0,"171":0,"172":0,"173":0,"174":0,"175":0,"176":0,"177":0,"178":0,"179":0,"180":0,"181":0,"182":0,"183":0,"184":0,"185":0,"186":0,"187":0,"188":0,"189":0,"190":0,"191":0,"192":0,"193":0,"194":0,"195":0,"196":0,"197":0,"198":0,"199":0,"200":0,"201":0},"f":{"0":40,"1":38,"2":2,"3":0,"4":0,"5":0,"6":0,"7":0,"8":0,"9":0,"10":3,"11":1,"12":1,"13":0,"14":1,"15":0,"16":0,"17":0,"18":0,"19":0,"20":2,"21":0,"22":1,"23":6,"24":0,"25":0,"26":0,"27":0,"28":2,"29":0,"30":0,"31":0,"32":0,"33":0,"34":0,"35":0,"36":0,"37":0,"38":0,"39":0,"40":0,"41":0,"42":0,"43":0,"44":0,"45":0,"46":0,"47":0,"48":0,"49":0},"b":{"0":[2,38],"1":[2,0],"2":[0,40],"3":[38],"4":[38],"5":[38],"6":[38],"7":[38,38,0],"8":[2],"9":[2],"10":[2,0],"11":[0,0],"12":[0],"13":[0,0],"14":[0],"15":[0,0],"16":[0,0],"17":[0,0,0],"18":[0,0],"19":[0,0],"20":[0,0],"21":[0,0],"22":[0,0],"23":[0,0],"24":[0,0]},"meta":{"lastBranch":25,"lastFunction":50,"lastStatement":202,"seen":{"s:7:36:7:Infinity":0,"s:8:34:8:Infinity":1,"s:9:33:9:Infinity":2,"s:10:31:10:Infinity":3,"s:11:19:11:Infinity":4,"s:12:41:12:Infinity":5,"s:13:60:13:Infinity":6,"s:16:19:16:Infinity":7,"s:17:16:17:Infinity":8,"s:18:18:18:Infinity":9,"f:20:9:20:39":0,"b:21:4:34:Infinity:undefined:undefined:undefined:undefined":0,"s:21:4:34:Infinity":10,"s:22:8:22:Infinity":11,"b:22:24:22:48:22:48:22:134":1,"s:23:8:23:Infinity":12,"s:24:8:24:Infinity":13,"s:25:8:25:Infinity":14,"s:27:8:27:Infinity":15,"s:28:8:28:Infinity":16,"s:29:8:29:Infinity":17,"s:31:8:31:Infinity":18,"s:32:8:32:Infinity":19,"s:33:8:33:Infinity":20,"b:35:4:37:Infinity:undefined:undefined:undefined:undefined":2,"s:35:4:37:Infinity":21,"s:36:8:36:Infinity":22,"s:38:4:38:Infinity":23,"f:42:9:42:Infinity":1,"b:43:59:43:Infinity":3,"b:44:13:44:18":4,"b:44:27:44:30":5,"b:44:38:44:Infinity":6,"s:47:16:47:Infinity":24,"s:48:16:48:Infinity":25,"s:49:17:49:Infinity":26,"s:51:4:51:Infinity":27,"s:52:4:52:Infinity":28,"s:53:4:53:Infinity":29,"s:55:22:55:Infinity":30,"s:56:4:56:Infinity":31,"s:57:4:57:Infinity":32,"s:59:4:59:Infinity":33,"s:60:4:60:Infinity":34,"b:60:17:60:31:60:31:60:42:60:42:60:57":7,"s:62:4:62:Infinity":35,"s:63:4:63:Infinity":36,"f:67:9:67:19":2,"b:67:46:67:51":8,"b:67:62:67:74":9,"s:68:16:68:Infinity":37,"s:69:23:69:Infinity":38,"s:70:19:70:Infinity":39,"s:71:17:71:Infinity":40,"s:72:4:74:Infinity":41,"s:72:17:72:20":42,"s:73:8:73:Infinity":43,"s:76:19:76:Infinity":44,"s:77:4:77:Infinity":45,"s:79:19:79:Infinity":46,"s:80:4:80:Infinity":47,"s:81:4:81:Infinity":48,"s:83:17:83:Infinity":49,"s:84:4:84:Infinity":50,"s:85:4:85:Infinity":51,"s:87:4:87:Infinity":52,"s:88:4:88:Infinity":53,"s:89:4:89:Infinity":54,"b:89:17:89:28:89:28:89:43":10,"s:91:4:91:Infinity":55,"s:92:4:92:Infinity":56,"f:97:16:97:33":3,"s:98:4:98:Infinity":57,"s:99:4:99:Infinity":58,"s:100:4:100:Infinity":59,"f:103:16:103:33":4,"s:104:4:104:Infinity":60,"s:105:4:105:Infinity":61,"f:108:16:108:37":5,"s:109:4:109:Infinity":62,"s:110:4:110:Infinity":63,"s:111:4:111:Infinity":64,"f:114:16:114:38":6,"s:115:4:115:Infinity":65,"s:116:4:116:Infinity":66,"s:117:4:117:Infinity":67,"f:120:16:120:38":7,"s:121:4:121:Infinity":68,"s:122:4:122:Infinity":69,"s:123:4:123:Infinity":70,"f:126:16:126:37":8,"s:127:4:127:Infinity":71,"s:128:4:128:Infinity":72,"s:129:4:129:Infinity":73,"f:132:16:132:32":9,"s:133:4:133:Infinity":74,"s:134:4:134:Infinity":75,"s:135:4:135:Infinity":76,"f:138:16:138:37":10,"s:139:4:139:Infinity":77,"s:140:4:140:Infinity":78,"f:143:16:143:39":11,"s:144:4:144:Infinity":79,"s:145:4:145:Infinity":80,"s:146:4:146:Infinity":81,"s:147:4:147:Infinity":82,"f:150:16:150:43":12,"s:151:4:151:Infinity":83,"s:152:4:152:Infinity":84,"s:153:4:153:Infinity":85,"f:156:16:156:39":13,"s:157:4:157:Infinity":86,"s:158:4:158:Infinity":87,"s:159:4:159:Infinity":88,"f:162:16:162:42":14,"s:163:4:163:Infinity":89,"s:164:4:164:Infinity":90,"s:165:4:165:Infinity":91,"f:168:16:168:39":15,"s:169:4:171:Infinity":92,"s:169:17:169:20":93,"s:170:8:170:Infinity":94,"s:172:4:172:Infinity":95,"f:175:16:175:40":16,"s:176:4:178:Infinity":96,"s:176:17:176:20":97,"s:177:8:177:Infinity":98,"f:181:16:181:35":17,"s:182:4:182:Infinity":99,"s:183:4:183:Infinity":100,"s:184:4:184:Infinity":101,"f:187:16:187:34":18,"s:188:4:188:Infinity":102,"s:189:4:189:Infinity":103,"s:190:4:190:Infinity":104,"s:191:4:191:Infinity":105,"s:192:4:192:Infinity":106,"f:195:16:195:39":19,"s:196:4:196:Infinity":107,"s:197:4:197:Infinity":108,"f:200:16:200:33":20,"s:201:4:201:Infinity":109,"s:202:4:202:Infinity":110,"s:203:4:203:Infinity":111,"f:206:16:206:39":21,"s:207:4:207:Infinity":112,"s:208:4:208:Infinity":113,"f:211:16:211:42":22,"s:212:18:212:Infinity":114,"s:213:4:216:Infinity":115,"f:213:18:213:19":23,"s:214:8:214:Infinity":116,"s:215:8:215:Infinity":117,"f:219:16:219:37":24,"s:220:18:220:Infinity":118,"s:221:4:224:Infinity":119,"f:221:18:221:19":25,"s:222:8:222:Infinity":120,"s:223:8:223:Infinity":121,"f:227:16:227:36":26,"s:228:19:228:Infinity":122,"s:229:4:232:Infinity":123,"f:229:19:229:20":27,"s:230:8:230:Infinity":124,"s:231:8:231:Infinity":125,"f:235:16:235:42":28,"s:236:4:236:Infinity":126,"s:237:4:237:Infinity":127,"s:238:4:238:Infinity":128,"f:241:16:241:34":29,"s:242:4:242:Infinity":129,"s:243:4:243:Infinity":130,"f:246:16:246:36":30,"s:247:4:247:Infinity":131,"s:248:4:248:Infinity":132,"f:251:16:251:45":31,"s:252:4:252:Infinity":133,"b:253:4:258:Infinity:undefined:undefined:undefined:undefined":11,"s:253:4:258:Infinity":134,"s:254:20:254:Infinity":135,"s:255:8:255:Infinity":136,"s:256:8:256:Infinity":137,"s:257:8:257:Infinity":138,"f:261:16:261:28":32,"b:261:59:261:70":12,"s:262:4:262:Infinity":139,"b:263:4:263:Infinity:undefined:undefined:undefined:undefined":13,"s:263:4:263:Infinity":140,"s:263:20:263:Infinity":141,"s:264:16:264:Infinity":142,"s:265:19:265:Infinity":143,"s:266:4:266:Infinity":144,"s:267:4:267:Infinity":145,"f:270:16:270:37":33,"s:271:4:271:Infinity":146,"s:272:4:272:Infinity":147,"f:275:16:275:42":34,"s:276:4:276:Infinity":148,"s:277:4:277:Infinity":149,"f:280:16:280:38":35,"s:281:4:281:Infinity":150,"s:282:4:282:Infinity":151,"s:283:4:283:Infinity":152,"f:286:16:286:39":36,"s:287:4:287:Infinity":153,"s:288:4:288:Infinity":154,"s:289:4:289:Infinity":155,"s:295:19:295:Infinity":156,"f:297:16:297:27":37,"b:297:35:297:44":14,"b:298:4:298:Infinity:undefined:undefined:undefined:undefined":15,"s:298:4:298:Infinity":157,"s:298:22:298:Infinity":158,"s:299:4:299:Infinity":159,"s:300:4:300:Infinity":160,"s:302:21:302:Infinity":161,"s:303:20:303:Infinity":162,"s:304:15:304:Infinity":163,"s:306:4:331:Infinity":164,"f:306:33:306:39":38,"b:307:8:307:Infinity:undefined:undefined:undefined:undefined":16,"s:307:8:307:Infinity":165,"b:307:12:307:25:307:25:307:39:307:39:307:54":17,"s:307:54:307:Infinity":166,"s:309:22:309:Infinity":167,"f:309:37:309:42":39,"s:309:42:309:64":168,"s:310:14:310:Infinity":169,"s:311:21:311:Infinity":170,"b:314:8:316:Infinity:undefined:undefined:undefined:undefined":18,"s:314:8:316:Infinity":171,"s:315:12:315:Infinity":172,"b:319:8:321:Infinity:undefined:undefined:undefined:undefined":19,"s:319:8:321:Infinity":173,"s:320:12:320:Infinity":174,"b:324:8:327:Infinity:undefined:undefined:undefined:undefined":20,"s:324:8:327:Infinity":175,"s:325:12:325:Infinity":176,"s:326:12:326:Infinity":177,"s:329:8:329:Infinity":178,"s:330:8:330:Infinity":179,"f:334:16:334:34":40,"s:335:4:335:Infinity":180,"b:336:4:339:Infinity:undefined:undefined:undefined:undefined":21,"s:336:4:339:Infinity":181,"s:337:8:337:Infinity":182,"s:338:8:338:Infinity":183,"s:340:4:340:Infinity":184,"f:340:29:340:34":41,"s:340:36:340:86":185,"s:340:42:340:52":186,"s:341:4:341:Infinity":187,"f:346:16:346:32":42,"s:347:4:347:Infinity":188,"b:348:4:348:Infinity:undefined:undefined:undefined:undefined":22,"s:348:4:348:Infinity":189,"s:348:20:348:Infinity":190,"f:351:16:351:29":43,"s:352:4:352:Infinity":191,"b:353:4:353:Infinity:undefined:undefined:undefined:undefined":23,"s:353:4:353:Infinity":192,"s:353:17:353:Infinity":193,"f:356:16:356:31":44,"s:357:4:357:Infinity":194,"b:358:4:358:Infinity:undefined:undefined:undefined:undefined":24,"s:358:4:358:Infinity":195,"s:358:19:358:Infinity":196,"f:361:16:361:42":45,"s:361:44:361:65":197,"f:362:16:362:39":46,"s:362:41:362:59":198,"f:363:16:363:41":47,"s:363:43:363:63":199,"f:365:16:365:42":48,"s:365:44:365:65":200,"f:368:16:368:34":49,"s:369:4:369:Infinity":201}}}
,"/Users/elluminati/Downloads/choose-game-development-tech/src/game/constants.ts": {"path":"/Users/elluminati/Downloads/choose-game-development-tech/src/game/constants.ts","statementMap":{"0":{"start":{"line":3,"column":23},"end":{"line":3,"column":null}},"1":{"start":{"line":4,"column":24},"end":{"line":4,"column":null}},"2":{"start":{"line":5,"column":26},"end":{"line":5,"column":null}},"3":{"start":{"line":6,"column":26},"end":{"line":6,"column":null}},"4":{"start":{"line":7,"column":25},"end":{"line":7,"column":null}},"5":{"start":{"line":8,"column":31},"end":{"line":8,"column":null}},"6":{"start":{"line":9,"column":38},"end":{"line":9,"column":null}},"7":{"start":{"line":10,"column":34},"end":{"line":10,"column":null}},"8":{"start":{"line":11,"column":41},"end":{"line":11,"column":null}},"9":{"start":{"line":12,"column":34},"end":{"line":12,"column":null}},"10":{"start":{"line":13,"column":30},"end":{"line":13,"column":null}},"11":{"start":{"line":14,"column":29},"end":{"line":14,"column":null}},"12":{"start":{"line":15,"column":29},"end":{"line":15,"column":null}},"13":{"start":{"line":17,"column":75},"end":{"line":22,"column":null}},"14":{"start":{"line":25,"column":2},"end":{"line":25,"column":null}},"15":{"start":{"line":25,"column":17},"end":{"line":25,"column":null}},"16":{"start":{"line":26,"column":2},"end":{"line":26,"column":null}},"17":{"start":{"line":26,"column":18},"end":{"line":26,"column":null}},"18":{"start":{"line":27,"column":2},"end":{"line":27,"column":null}}},"fnMap":{"0":{"name":"getDifficultyForLevel","decl":{"start":{"line":24,"column":16},"end":{"line":24,"column":38}},"loc":{"start":{"line":24,"column":65},"end":{"line":28,"column":null}},"line":24}},"branchMap":{"0":{"loc":{"start":{"line":25,"column":2},"end":{"line":25,"column":null}},"type":"if","locations":[{"start":{"line":25,"column":2},"end":{"line":25,"column":null}},{"start":{},"end":{}}],"line":25},"1":{"loc":{"start":{"line":26,"column":2},"end":{"line":26,"column":null}},"type":"if","locations":[{"start":{"line":26,"column":2},"end":{"line":26,"column":null}},{"start":{},"end":{}}],"line":26}},"s":{"0":4,"1":4,"2":4,"3":4,"4":4,"5":4,"6":4,"7":4,"8":4,"9":4,"10":4,"11":4,"12":4,"13":4,"14":8,"15":8,"16":0,"17":0,"18":0},"f":{"0":8},"b":{"0":[8,0],"1":[0,0]},"meta":{"lastBranch":2,"lastFunction":1,"lastStatement":19,"seen":{"s:3:23:3:Infinity":0,"s:4:24:4:Infinity":1,"s:5:26:5:Infinity":2,"s:6:26:6:Infinity":3,"s:7:25:7:Infinity":4,"s:8:31:8:Infinity":5,"s:9:38:9:Infinity":6,"s:10:34:10:Infinity":7,"s:11:41:11:Infinity":8,"s:12:34:12:Infinity":9,"s:13:30:13:Infinity":10,"s:14:29:14:Infinity":11,"s:15:29:15:Infinity":12,"s:17:75:22:Infinity":13,"f:24:16:24:38":0,"b:25:2:25:Infinity:undefined:undefined:undefined:undefined":0,"s:25:2:25:Infinity":14,"s:25:17:25:Infinity":15,"b:26:2:26:Infinity:undefined:undefined:undefined:undefined":1,"s:26:2:26:Infinity":16,"s:26:18:26:Infinity":17,"s:27:2:27:Infinity":18}}}
,"/Users/elluminati/Downloads/choose-game-development-tech/src/game/content-pack.json": {"path":"/Users/elluminati/Downloads/choose-game-development-tech/src/game/content-pack.json","statementMap":{},"fnMap":{},"branchMap":{},"s":{},"f":{},"b":{},"meta":{"lastBranch":0,"lastFunction":0,"lastStatement":0,"seen":{}}}
,"/Users/elluminati/Downloads/choose-game-development-tech/src/game/content.ts": {"path":"/Users/elluminati/Downloads/choose-game-development-tech/src/game/content.ts","statementMap":{"0":{"start":{"line":14,"column":2},"end":{"line":19,"column":null}},"1":{"start":{"line":23,"column":2},"end":{"line":23,"column":null}},"2":{"start":{"line":27,"column":2},"end":{"line":27,"column":null}},"3":{"start":{"line":27,"column":24},"end":{"line":27,"column":null}},"4":{"start":{"line":28,"column":2},"end":{"line":43,"column":null}},"5":{"start":{"line":48,"column":15},"end":{"line":48,"column":null}},"6":{"start":{"line":50,"column":2},"end":{"line":50,"column":null}},"7":{"start":{"line":50,"column":38},"end":{"line":50,"column":null}},"8":{"start":{"line":51,"column":2},"end":{"line":51,"column":null}},"9":{"start":{"line":51,"column":42},"end":{"line":51,"column":null}},"10":{"start":{"line":52,"column":2},"end":{"line":52,"column":null}},"11":{"start":{"line":52,"column":81},"end":{"line":52,"column":null}},"12":{"start":{"line":53,"column":2},"end":{"line":53,"column":null}},"13":{"start":{"line":53,"column":83},"end":{"line":53,"column":null}},"14":{"start":{"line":54,"column":2},"end":{"line":56,"column":null}},"15":{"start":{"line":55,"column":4},"end":{"line":55,"column":null}},"16":{"start":{"line":57,"column":2},"end":{"line":57,"column":null}},"17":{"start":{"line":57,"column":38},"end":{"line":57,"column":null}},"18":{"start":{"line":58,"column":2},"end":{"line":58,"column":null}},"19":{"start":{"line":58,"column":39},"end":{"line":58,"column":null}},"20":{"start":{"line":59,"column":2},"end":{"line":59,"column":null}},"21":{"start":{"line":59,"column":36},"end":{"line":59,"column":null}},"22":{"start":{"line":60,"column":2},"end":{"line":62,"column":null}},"23":{"start":{"line":61,"column":4},"end":{"line":61,"column":null}},"24":{"start":{"line":63,"column":2},"end":{"line":63,"column":null}},"25":{"start":{"line":63,"column":85},"end":{"line":63,"column":null}},"26":{"start":{"line":64,"column":2},"end":{"line":64,"column":null}},"27":{"start":{"line":64,"column":79},"end":{"line":64,"column":null}},"28":{"start":{"line":65,"column":2},"end":{"line":65,"column":null}},"29":{"start":{"line":65,"column":45},"end":{"line":65,"column":null}},"30":{"start":{"line":66,"column":2},"end":{"line":66,"column":null}},"31":{"start":{"line":66,"column":79},"end":{"line":66,"column":null}},"32":{"start":{"line":68,"column":2},"end":{"line":68,"column":null}},"33":{"start":{"line":72,"column":15},"end":{"line":72,"column":null}},"34":{"start":{"line":74,"column":2},"end":{"line":82,"column":null}},"35":{"start":{"line":75,"column":4},"end":{"line":75,"column":null}},"36":{"start":{"line":75,"column":89},"end":{"line":75,"column":null}},"37":{"start":{"line":76,"column":18},"end":{"line":76,"column":null}},"38":{"start":{"line":77,"column":4},"end":{"line":77,"column":null}},"39":{"start":{"line":77,"column":30},"end":{"line":77,"column":null}},"40":{"start":{"line":79,"column":20},"end":{"line":79,"column":null}},"41":{"start":{"line":80,"column":19},"end":{"line":80,"column":null}},"42":{"start":{"line":81,"column":4},"end":{"line":81,"column":null}},"43":{"start":{"line":84,"column":2},"end":{"line":89,"column":null}},"44":{"start":{"line":85,"column":4},"end":{"line":88,"column":null}},"45":{"start":{"line":86,"column":6},"end":{"line":86,"column":null}},"46":{"start":{"line":86,"column":32},"end":{"line":86,"column":null}},"47":{"start":{"line":87,"column":6},"end":{"line":87,"column":null}},"48":{"start":{"line":91,"column":2},"end":{"line":91,"column":null}}},"fnMap":{"0":{"name":"cloneLevel","decl":{"start":{"line":13,"column":9},"end":{"line":13,"column":20}},"loc":{"start":{"line":13,"column":47},"end":{"line":20,"column":null}},"line":13},"1":{"name":"isRecord","decl":{"start":{"line":22,"column":9},"end":{"line":22,"column":18}},"loc":{"start":{"line":22,"column":68},"end":{"line":24,"column":null}},"line":22},"2":{"name":"isValidLevel","decl":{"start":{"line":26,"column":9},"end":{"line":26,"column":22}},"loc":{"start":{"line":26,"column":57},"end":{"line":45,"column":null}},"line":26},"3":{"name":"applyLevelPatch","decl":{"start":{"line":47,"column":9},"end":{"line":47,"column":25}},"loc":{"start":{"line":47,"column":80},"end":{"line":69,"column":null}},"line":47},"4":{"name":"applyContentPack","decl":{"start":{"line":71,"column":16},"end":{"line":71,"column":33}},"loc":{"start":{"line":71,"column":88},"end":{"line":92,"column":null}},"line":71}},"branchMap":{"0":{"loc":{"start":{"line":23,"column":9},"end":{"line":23,"column":null}},"type":"binary-expr","locations":[{"start":{"line":23,"column":9},"end":{"line":23,"column":27}},{"start":{"line":23,"column":27},"end":{"line":23,"column":null}}],"line":23},"1":{"loc":{"start":{"line":27,"column":2},"end":{"line":27,"column":null}},"type":"if","locations":[{"start":{"line":27,"column":2},"end":{"line":27,"column":null}},{"start":{},"end":{}}],"line":27},"2":{"loc":{"start":{"line":29,"column":4},"end":{"line":43,"column":null}},"type":"binary-expr","locations":[{"start":{"line":29,"column":4},"end":{"line":29,"column":null}},{"start":{"line":30,"column":4},"end":{"line":30,"column":null}},{"start":{"line":31,"column":4},"end":{"line":31,"column":null}},{"start":{"line":32,"column":4},"end":{"line":32,"column":null}},{"start":{"line":33,"column":4},"end":{"line":33,"column":null}},{"start":{"line":34,"column":4},"end":{"line":34,"column":null}},{"start":{"line":35,"column":4},"end":{"line":35,"column":null}},{"start":{"line":36,"column":4},"end":{"line":36,"column":null}},{"start":{"line":37,"column":4},"end":{"line":37,"column":null}},{"start":{"line":38,"column":4},"end":{"line":38,"column":null}},{"start":{"line":39,"column":4},"end":{"line":39,"column":null}},{"start":{"line":40,"column":4},"end":{"line":40,"column":null}},{"start":{"line":41,"column":4},"end":{"line":41,"column":null}},{"start":{"line":42,"column":4},"end":{"line":42,"column":null}},{"start":{"line":43,"column":4},"end":{"line":43,"column":null}}],"line":29},"3":{"loc":{"start":{"line":50,"column":2},"end":{"line":50,"column":null}},"type":"if","locations":[{"start":{"line":50,"column":2},"end":{"line":50,"column":null}},{"start":{},"end":{}}],"line":50},"4":{"loc":{"start":{"line":51,"column":2},"end":{"line":51,"column":null}},"type":"if","locations":[{"start":{"line":51,"column":2},"end":{"line":51,"column":null}},{"start":{},"end":{}}],"line":51},"5":{"loc":{"start":{"line":52,"column":2},"end":{"line":52,"column":null}},"type":"if","locations":[{"start":{"line":52,"column":2},"end":{"line":52,"column":null}},{"start":{},"end":{}}],"line":52},"6":{"loc":{"start":{"line":52,"column":6},"end":{"line":52,"column":81}},"type":"binary-expr","locations":[{"start":{"line":52,"column":6},"end":{"line":52,"column":46}},{"start":{"line":52,"column":46},"end":{"line":52,"column":81}}],"line":52},"7":{"loc":{"start":{"line":53,"column":2},"end":{"line":53,"column":null}},"type":"if","locations":[{"start":{"line":53,"column":2},"end":{"line":53,"column":null}},{"start":{},"end":{}}],"line":53},"8":{"loc":{"start":{"line":53,"column":6},"end":{"line":53,"column":83}},"type":"binary-expr","locations":[{"start":{"line":53,"column":6},"end":{"line":53,"column":47}},{"start":{"line":53,"column":47},"end":{"line":53,"column":83}}],"line":53},"9":{"loc":{"start":{"line":54,"column":2},"end":{"line":56,"column":null}},"type":"if","locations":[{"start":{"line":54,"column":2},"end":{"line":56,"column":null}},{"start":{},"end":{}}],"line":54},"10":{"loc":{"start":{"line":54,"column":6},"end":{"line":54,"column":68}},"type":"binary-expr","locations":[{"start":{"line":54,"column":6},"end":{"line":54,"column":39}},{"start":{"line":54,"column":39},"end":{"line":54,"column":68}}],"line":54},"11":{"loc":{"start":{"line":57,"column":2},"end":{"line":57,"column":null}},"type":"if","locations":[{"start":{"line":57,"column":2},"end":{"line":57,"column":null}},{"start":{},"end":{}}],"line":57},"12":{"loc":{"start":{"line":58,"column":2},"end":{"line":58,"column":null}},"type":"if","locations":[{"start":{"line":58,"column":2},"end":{"line":58,"column":null}},{"start":{},"end":{}}],"line":58},"13":{"loc":{"start":{"line":59,"column":2},"end":{"line":59,"column":null}},"type":"if","locations":[{"start":{"line":59,"column":2},"end":{"line":59,"column":null}},{"start":{},"end":{}}],"line":59},"14":{"loc":{"start":{"line":60,"column":2},"end":{"line":62,"column":null}},"type":"if","locations":[{"start":{"line":60,"column":2},"end":{"line":62,"column":null}},{"start":{},"end":{}}],"line":60},"15":{"loc":{"start":{"line":60,"column":6},"end":{"line":60,"column":111}},"type":"binary-expr","locations":[{"start":{"line":60,"column":6},"end":{"line":60,"column":27}},{"start":{"line":60,"column":27},"end":{"line":60,"column":70}},{"start":{"line":60,"column":70},"end":{"line":60,"column":111}}],"line":60},"16":{"loc":{"start":{"line":63,"column":2},"end":{"line":63,"column":null}},"type":"if","locations":[{"start":{"line":63,"column":2},"end":{"line":63,"column":null}},{"start":{},"end":{}}],"line":63},"17":{"loc":{"start":{"line":63,"column":6},"end":{"line":63,"column":85}},"type":"binary-expr","locations":[{"start":{"line":63,"column":6},"end":{"line":63,"column":48}},{"start":{"line":63,"column":48},"end":{"line":63,"column":85}}],"line":63},"18":{"loc":{"start":{"line":64,"column":2},"end":{"line":64,"column":null}},"type":"if","locations":[{"start":{"line":64,"column":2},"end":{"line":64,"column":null}},{"start":{},"end":{}}],"line":64},"19":{"loc":{"start":{"line":64,"column":6},"end":{"line":64,"column":79}},"type":"binary-expr","locations":[{"start":{"line":64,"column":6},"end":{"line":64,"column":45}},{"start":{"line":64,"column":45},"end":{"line":64,"column":79}}],"line":64},"20":{"loc":{"start":{"line":65,"column":2},"end":{"line":65,"column":null}},"type":"if","locations":[{"start":{"line":65,"column":2},"end":{"line":65,"column":null}},{"start":{},"end":{}}],"line":65},"21":{"loc":{"start":{"line":66,"column":2},"end":{"line":66,"column":null}},"type":"if","locations":[{"start":{"line":66,"column":2},"end":{"line":66,"column":null}},{"start":{},"end":{}}],"line":66},"22":{"loc":{"start":{"line":66,"column":6},"end":{"line":66,"column":79}},"type":"binary-expr","locations":[{"start":{"line":66,"column":6},"end":{"line":66,"column":45}},{"start":{"line":66,"column":45},"end":{"line":66,"column":79}}],"line":66},"23":{"loc":{"start":{"line":74,"column":25},"end":{"line":74,"column":52}},"type":"binary-expr","locations":[{"start":{"line":74,"column":25},"end":{"line":74,"column":48}},{"start":{"line":74,"column":48},"end":{"line":74,"column":52}}],"line":74},"24":{"loc":{"start":{"line":75,"column":4},"end":{"line":75,"column":null}},"type":"if","locations":[{"start":{"line":75,"column":4},"end":{"line":75,"column":null}},{"start":{},"end":{}}],"line":75},"25":{"loc":{"start":{"line":75,"column":8},"end":{"line":75,"column":89}},"type":"binary-expr","locations":[{"start":{"line":75,"column":8},"end":{"line":75,"column":21}},{"start":{"line":75,"column":21},"end":{"line":75,"column":53}},{"start":{"line":75,"column":53},"end":{"line":75,"column":89}}],"line":75},"26":{"loc":{"start":{"line":77,"column":4},"end":{"line":77,"column":null}},"type":"if","locations":[{"start":{"line":77,"column":4},"end":{"line":77,"column":null}},{"start":{},"end":{}}],"line":77},"27":{"loc":{"start":{"line":80,"column":19},"end":{"line":80,"column":null}},"type":"cond-expr","locations":[{"start":{"line":80,"column":73},"end":{"line":80,"column":89}},{"start":{"line":80,"column":89},"end":{"line":80,"column":null}}],"line":80},"28":{"loc":{"start":{"line":80,"column":19},"end":{"line":80,"column":73}},"type":"binary-expr","locations":[{"start":{"line":80,"column":19},"end":{"line":80,"column":36}},{"start":{"line":80,"column":36},"end":{"line":80,"column":73}}],"line":80},"29":{"loc":{"start":{"line":84,"column":2},"end":{"line":89,"column":null}},"type":"if","locations":[{"start":{"line":84,"column":2},"end":{"line":89,"column":null}},{"start":{},"end":{}}],"line":84},"30":{"loc":{"start":{"line":86,"column":6},"end":{"line":86,"column":null}},"type":"if","locations":[{"start":{"line":86,"column":6},"end":{"line":86,"column":null}},{"start":{},"end":{}}],"line":86}},"s":{"0":447,"1":895,"2":448,"3":0,"4":448,"5":3,"6":3,"7":3,"8":3,"9":0,"10":3,"11":0,"12":3,"13":0,"14":3,"15":0,"16":3,"17":0,"18":3,"19":0,"20":3,"21":0,"22":3,"23":0,"24":3,"25":1,"26":3,"27":0,"28":3,"29":0,"30":3,"31":0,"32":3,"33":23,"34":23,"35":4,"36":0,"37":4,"38":4,"39":1,"40":3,"41":3,"42":4,"43":23,"44":23,"45":3,"46":1,"47":2,"48":23},"f":{"0":447,"1":895,"2":448,"3":3,"4":23},"b":{"0":[895,895],"1":[0,448],"2":[448,447,447,447,447,447,447,447,447,447,447,447,447,447,447],"3":[3,0],"4":[0,3],"5":[0,3],"6":[3,1],"7":[0,3],"8":[3,0],"9":[0,3],"10":[3,0],"11":[0,3],"12":[0,3],"13":[0,3],"14":[0,3],"15":[3,0,0],"16":[1,2],"17":[3,1],"18":[0,3],"19":[3,0],"20":[0,3],"21":[0,3],"22":[3,0],"23":[23,0],"24":[0,4],"25":[4,4,4],"26":[1,3],"27":[3,0],"28":[3,3],"29":[23,0],"30":[1,2]},"meta":{"lastBranch":31,"lastFunction":5,"lastStatement":49,"seen":{"f:13:9:13:20":0,"s:14:2:19:Infinity":0,"f:22:9:22:18":1,"s:23:2:23:Infinity":1,"b:23:9:23:27:23:27:23:Infinity":0,"f:26:9:26:22":2,"b:27:2:27:Infinity:undefined:undefined:undefined:undefined":1,"s:27:2:27:Infinity":2,"s:27:24:27:Infinity":3,"s:28:2:43:Infinity":4,"b:29:4:29:Infinity:30:4:30:Infinity:31:4:31:Infinity:32:4:32:Infinity:33:4:33:Infinity:34:4:34:Infinity:35:4:35:Infinity:36:4:36:Infinity:37:4:37:Infinity:38:4:38:Infinity:39:4:39:Infinity:40:4:40:Infinity:41:4:41:Infinity:42:4:42:Infinity:43:4:43:Infinity":2,"f:47:9:47:25":3,"s:48:15:48:Infinity":5,"b:50:2:50:Infinity:undefined:undefined:undefined:undefined":3,"s:50:2:50:Infinity":6,"s:50:38:50:Infinity":7,"b:51:2:51:Infinity:undefined:undefined:undefined:undefined":4,"s:51:2:51:Infinity":8,"s:51:42:51:Infinity":9,"b:52:2:52:Infinity:undefined:undefined:undefined:undefined":5,"s:52:2:52:Infinity":10,"b:52:6:52:46:52:46:52:81":6,"s:52:81:52:Infinity":11,"b:53:2:53:Infinity:undefined:undefined:undefined:undefined":7,"s:53:2:53:Infinity":12,"b:53:6:53:47:53:47:53:83":8,"s:53:83:53:Infinity":13,"b:54:2:56:Infinity:undefined:undefined:undefined:undefined":9,"s:54:2:56:Infinity":14,"b:54:6:54:39:54:39:54:68":10,"s:55:4:55:Infinity":15,"b:57:2:57:Infinity:undefined:undefined:undefined:undefined":11,"s:57:2:57:Infinity":16,"s:57:38:57:Infinity":17,"b:58:2:58:Infinity:undefined:undefined:undefined:undefined":12,"s:58:2:58:Infinity":18,"s:58:39:58:Infinity":19,"b:59:2:59:Infinity:undefined:undefined:undefined:undefined":13,"s:59:2:59:Infinity":20,"s:59:36:59:Infinity":21,"b:60:2:62:Infinity:undefined:undefined:undefined:undefined":14,"s:60:2:62:Infinity":22,"b:60:6:60:27:60:27:60:70:60:70:60:111":15,"s:61:4:61:Infinity":23,"b:63:2:63:Infinity:undefined:undefined:undefined:undefined":16,"s:63:2:63:Infinity":24,"b:63:6:63:48:63:48:63:85":17,"s:63:85:63:Infinity":25,"b:64:2:64:Infinity:undefined:undefined:undefined:undefined":18,"s:64:2:64:Infinity":26,"b:64:6:64:45:64:45:64:79":19,"s:64:79:64:Infinity":27,"b:65:2:65:Infinity:undefined:undefined:undefined:undefined":20,"s:65:2:65:Infinity":28,"s:65:45:65:Infinity":29,"b:66:2:66:Infinity:undefined:undefined:undefined:undefined":21,"s:66:2:66:Infinity":30,"b:66:6:66:45:66:45:66:79":22,"s:66:79:66:Infinity":31,"s:68:2:68:Infinity":32,"f:71:16:71:33":4,"s:72:15:72:Infinity":33,"s:74:2:82:Infinity":34,"b:74:25:74:48:74:48:74:52":23,"b:75:4:75:Infinity:undefined:undefined:undefined:undefined":24,"s:75:4:75:Infinity":35,"b:75:8:75:21:75:21:75:53:75:53:75:89":25,"s:75:89:75:Infinity":36,"s:76:18:76:Infinity":37,"b:77:4:77:Infinity:undefined:undefined:undefined:undefined":26,"s:77:4:77:Infinity":38,"s:77:30:77:Infinity":39,"s:79:20:79:Infinity":40,"s:80:19:80:Infinity":41,"b:80:73:80:89:80:89:80:Infinity":27,"b:80:19:80:36:80:36:80:73":28,"s:81:4:81:Infinity":42,"b:84:2:89:Infinity:undefined:undefined:undefined:undefined":29,"s:84:2:89:Infinity":43,"s:85:4:88:Infinity":44,"b:86:6:86:Infinity:undefined:undefined:undefined:undefined":30,"s:86:6:86:Infinity":45,"s:86:32:86:Infinity":46,"s:87:6:87:Infinity":47,"s:91:2:91:Infinity":48}}}
,"/Users/elluminati/Downloads/choose-game-development-tech/src/game/difficultyCurve.ts": {"path":"/Users/elluminati/Downloads/choose-game-development-tech/src/game/difficultyCurve.ts","statementMap":{"0":{"start":{"line":4,"column":2},"end":{"line":4,"column":null}},"1":{"start":{"line":8,"column":2},"end":{"line":8,"column":null}},"2":{"start":{"line":12,"column":2},"end":{"line":29,"column":null}},"3":{"start":{"line":13,"column":4},"end":{"line":28,"column":null}},"4":{"start":{"line":31,"column":2},"end":{"line":48,"column":null}},"5":{"start":{"line":32,"column":4},"end":{"line":47,"column":null}},"6":{"start":{"line":50,"column":2},"end":{"line":67,"column":null}},"7":{"start":{"line":51,"column":4},"end":{"line":66,"column":null}},"8":{"start":{"line":69,"column":2},"end":{"line":84,"column":null}},"9":{"start":{"line":88,"column":15},"end":{"line":88,"column":null}},"10":{"start":{"line":89,"column":21},"end":{"line":89,"column":null}},"11":{"start":{"line":90,"column":2},"end":{"line":90,"column":null}},"12":{"start":{"line":90,"column":24},"end":{"line":90,"column":null}},"13":{"start":{"line":92,"column":2},"end":{"line":107,"column":null}},"14":{"start":{"line":111,"column":2},"end":{"line":111,"column":null}},"15":{"start":{"line":111,"column":35},"end":{"line":111,"column":null}},"16":{"start":{"line":113,"column":17},"end":{"line":113,"column":null}},"17":{"start":{"line":113,"column":47},"end":{"line":113,"column":56}},"18":{"start":{"line":114,"column":30},"end":{"line":114,"column":null}},"19":{"start":{"line":115,"column":2},"end":{"line":130,"column":null}},"20":{"start":{"line":115,"column":15},"end":{"line":115,"column":18}},"21":{"start":{"line":116,"column":20},"end":{"line":116,"column":null}},"22":{"start":{"line":117,"column":17},"end":{"line":117,"column":null}},"23":{"start":{"line":118,"column":16},"end":{"line":118,"column":null}},"24":{"start":{"line":119,"column":4},"end":{"line":119,"column":null}},"25":{"start":{"line":119,"column":82},"end":{"line":119,"column":null}},"26":{"start":{"line":120,"column":4},"end":{"line":120,"column":null}},"27":{"start":{"line":120,"column":29},"end":{"line":120,"column":null}},"28":{"start":{"line":122,"column":14},"end":{"line":122,"column":null}},"29":{"start":{"line":123,"column":4},"end":{"line":129,"column":null}},"30":{"start":{"line":131,"column":2},"end":{"line":131,"column":null}},"31":{"start":{"line":135,"column":21},"end":{"line":137,"column":null}},"32":{"start":{"line":138,"column":23},"end":{"line":138,"column":null}},"33":{"start":{"line":139,"column":21},"end":{"line":139,"column":null}},"34":{"start":{"line":141,"column":2},"end":{"line":146,"column":null}},"35":{"start":{"line":150,"column":2},"end":{"line":150,"column":null}},"36":{"start":{"line":150,"column":38},"end":{"line":150,"column":null}},"37":{"start":{"line":151,"column":18},"end":{"line":151,"column":null}},"38":{"start":{"line":152,"column":2},"end":{"line":152,"column":null}},"39":{"start":{"line":156,"column":2},"end":{"line":156,"column":null}},"40":{"start":{"line":156,"column":45},"end":{"line":156,"column":null}},"41":{"start":{"line":158,"column":26},"end":{"line":158,"column":null}},"42":{"start":{"line":159,"column":22},"end":{"line":163,"column":null}},"43":{"start":{"line":165,"column":26},"end":{"line":170,"column":null}},"44":{"start":{"line":172,"column":2},"end":{"line":175,"column":null}},"45":{"start":{"line":173,"column":4},"end":{"line":173,"column":null}},"46":{"start":{"line":174,"column":4},"end":{"line":174,"column":null}},"47":{"start":{"line":176,"column":2},"end":{"line":178,"column":null}},"48":{"start":{"line":177,"column":4},"end":{"line":177,"column":null}},"49":{"start":{"line":179,"column":2},"end":{"line":185,"column":null}},"50":{"start":{"line":180,"column":4},"end":{"line":180,"column":null}},"51":{"start":{"line":181,"column":4},"end":{"line":181,"column":null}},"52":{"start":{"line":182,"column":4},"end":{"line":182,"column":null}},"53":{"start":{"line":183,"column":4},"end":{"line":183,"column":null}},"54":{"start":{"line":184,"column":4},"end":{"line":184,"column":null}},"55":{"start":{"line":187,"column":2},"end":{"line":187,"column":null}},"56":{"start":{"line":191,"column":22},"end":{"line":191,"column":null}},"57":{"start":{"line":192,"column":2},"end":{"line":202,"column":null}},"58":{"start":{"line":206,"column":2},"end":{"line":208,"column":null}},"59":{"start":{"line":207,"column":4},"end":{"line":207,"column":null}},"60":{"start":{"line":207,"column":34},"end":{"line":207,"column":58}},"61":{"start":{"line":210,"column":21},"end":{"line":210,"column":null}},"62":{"start":{"line":211,"column":2},"end":{"line":213,"column":null}},"63":{"start":{"line":212,"column":20},"end":{"line":212,"column":44}},"64":{"start":{"line":213,"column":26},"end":{"line":213,"column":44}},"65":{"start":{"line":217,"column":30},"end":{"line":217,"column":null}},"66":{"start":{"line":218,"column":18},"end":{"line":218,"column":null}},"67":{"start":{"line":220,"column":2},"end":{"line":229,"column":null}},"68":{"start":{"line":221,"column":20},"end":{"line":221,"column":null}},"69":{"start":{"line":222,"column":21},"end":{"line":222,"column":null}},"70":{"start":{"line":223,"column":23},"end":{"line":223,"column":null}},"71":{"start":{"line":224,"column":18},"end":{"line":224,"column":null}},"72":{"start":{"line":225,"column":4},"end":{"line":228,"column":null}},"73":{"start":{"line":226,"column":6},"end":{"line":226,"column":null}},"74":{"start":{"line":227,"column":6},"end":{"line":227,"column":null}},"75":{"start":{"line":231,"column":2},"end":{"line":231,"column":null}},"76":{"start":{"line":235,"column":20},"end":{"line":235,"column":null}},"77":{"start":{"line":235,"column":55},"end":{"line":235,"column":75}},"78":{"start":{"line":236,"column":36},"end":{"line":236,"column":null}},"79":{"start":{"line":238,"column":2},"end":{"line":238,"column":null}},"80":{"start":{"line":238,"column":37},"end":{"line":238,"column":null}},"81":{"start":{"line":240,"column":2},"end":{"line":251,"column":null}},"82":{"start":{"line":240,"column":15},"end":{"line":240,"column":41}},"83":{"start":{"line":241,"column":21},"end":{"line":241,"column":null}},"84":{"start":{"line":242,"column":4},"end":{"line":242,"column":null}},"85":{"start":{"line":242,"column":19},"end":{"line":242,"column":null}},"86":{"start":{"line":243,"column":35},"end":{"line":246,"column":null}},"87":{"start":{"line":248,"column":17},"end":{"line":248,"column":null}},"88":{"start":{"line":249,"column":4},"end":{"line":249,"column":null}},"89":{"start":{"line":249,"column":65},"end":{"line":249,"column":null}},"90":{"start":{"line":250,"column":4},"end":{"line":250,"column":null}},"91":{"start":{"line":253,"column":2},"end":{"line":253,"column":null}},"92":{"start":{"line":262,"column":23},"end":{"line":262,"column":null}},"93":{"start":{"line":263,"column":20},"end":{"line":263,"column":null}},"94":{"start":{"line":263,"column":53},"end":{"line":263,"column":90}},"95":{"start":{"line":264,"column":2},"end":{"line":264,"column":null}},"96":{"start":{"line":265,"column":2},"end":{"line":265,"column":null}},"97":{"start":{"line":265,"column":27},"end":{"line":265,"column":36}},"98":{"start":{"line":267,"column":21},"end":{"line":269,"column":null}},"99":{"start":{"line":268,"column":18},"end":{"line":268,"column":51}},"100":{"start":{"line":269,"column":39},"end":{"line":269,"column":51}},"101":{"start":{"line":271,"column":18},"end":{"line":271,"column":null}},"102":{"start":{"line":272,"column":21},"end":{"line":276,"column":null}},"103":{"start":{"line":274,"column":35},"end":{"line":274,"column":68}},"104":{"start":{"line":275,"column":31},"end":{"line":275,"column":54}},"105":{"start":{"line":278,"column":29},"end":{"line":288,"column":null}},"106":{"start":{"line":290,"column":22},"end":{"line":290,"column":null}},"107":{"start":{"line":291,"column":2},"end":{"line":296,"column":null}},"108":{"start":{"line":300,"column":21},"end":{"line":300,"column":null}},"109":{"start":{"line":301,"column":2},"end":{"line":301,"column":null}}},"fnMap":{"0":{"name":"clamp","decl":{"start":{"line":3,"column":9},"end":{"line":3,"column":15}},"loc":{"start":{"line":3,"column":64},"end":{"line":5,"column":null}},"line":3},"1":{"name":"round","decl":{"start":{"line":7,"column":9},"end":{"line":7,"column":15}},"loc":{"start":{"line":7,"column":38},"end":{"line":9,"column":null}},"line":7},"2":{"name":"getBaseCurve","decl":{"start":{"line":11,"column":9},"end":{"line":11,"column":22}},"loc":{"start":{"line":11,"column":56},"end":{"line":85,"column":null}},"line":11},"3":{"name":"getLevelBalanceCurve","decl":{"start":{"line":87,"column":16},"end":{"line":87,"column":37}},"loc":{"start":{"line":87,"column":92},"end":{"line":108,"column":null}},"line":87},"4":{"name":"createHelperPlatforms","decl":{"start":{"line":110,"column":9},"end":{"line":110,"column":31}},"loc":{"start":{"line":110,"column":92},"end":{"line":132,"column":null}},"line":110},"5":{"name":"(anonymous_5)","decl":{"start":{"line":113,"column":37},"end":{"line":113,"column":38}},"loc":{"start":{"line":113,"column":47},"end":{"line":113,"column":56}},"line":113},"6":{"name":"scalePlatform","decl":{"start":{"line":134,"column":9},"end":{"line":134,"column":23}},"loc":{"start":{"line":134,"column":79},"end":{"line":147,"column":null}},"line":134},"7":{"name":"shouldKeepMovingPlatform","decl":{"start":{"line":149,"column":9},"end":{"line":149,"column":34}},"loc":{"start":{"line":149,"column":85},"end":{"line":153,"column":null}},"line":149},"8":{"name":"scaleEnvObject","decl":{"start":{"line":155,"column":9},"end":{"line":155,"column":24}},"loc":{"start":{"line":155,"column":84},"end":{"line":188,"column":null}},"line":155},"9":{"name":"scaleEnemy","decl":{"start":{"line":190,"column":9},"end":{"line":190,"column":20}},"loc":{"start":{"line":190,"column":67},"end":{"line":203,"column":null}},"line":190},"10":{"name":"reduceEnemies","decl":{"start":{"line":205,"column":9},"end":{"line":205,"column":23}},"loc":{"start":{"line":205,"column":76},"end":{"line":214,"column":null}},"line":205},"11":{"name":"(anonymous_11)","decl":{"start":{"line":207,"column":23},"end":{"line":207,"column":24}},"loc":{"start":{"line":207,"column":34},"end":{"line":207,"column":58}},"line":207},"12":{"name":"(anonymous_12)","decl":{"start":{"line":212,"column":9},"end":{"line":212,"column":10}},"loc":{"start":{"line":212,"column":20},"end":{"line":212,"column":44}},"line":212},"13":{"name":"(anonymous_13)","decl":{"start":{"line":213,"column":12},"end":{"line":213,"column":13}},"loc":{"start":{"line":213,"column":26},"end":{"line":213,"column":44}},"line":213},"14":{"name":"findCheckpointPlatform","decl":{"start":{"line":216,"column":9},"end":{"line":216,"column":32}},"loc":{"start":{"line":216,"column":89},"end":{"line":232,"column":null}},"line":216},"15":{"name":"buildCheckpoints","decl":{"start":{"line":234,"column":9},"end":{"line":234,"column":26}},"loc":{"start":{"line":234,"column":81},"end":{"line":254,"column":null}},"line":234},"16":{"name":"(anonymous_16)","decl":{"start":{"line":235,"column":41},"end":{"line":235,"column":42}},"loc":{"start":{"line":235,"column":55},"end":{"line":235,"column":75}},"line":235},"17":{"name":"scaleLevelForProgression","decl":{"start":{"line":256,"column":16},"end":{"line":256,"column":41}},"loc":{"start":{"line":261,"column":2},"end":{"line":297,"column":null}},"line":261},"18":{"name":"(anonymous_18)","decl":{"start":{"line":263,"column":39},"end":{"line":263,"column":40}},"loc":{"start":{"line":263,"column":53},"end":{"line":263,"column":90}},"line":263},"19":{"name":"(anonymous_19)","decl":{"start":{"line":265,"column":17},"end":{"line":265,"column":18}},"loc":{"start":{"line":265,"column":27},"end":{"line":265,"column":36}},"line":265},"20":{"name":"(anonymous_20)","decl":{"start":{"line":268,"column":9},"end":{"line":268,"column":10}},"loc":{"start":{"line":268,"column":18},"end":{"line":268,"column":51}},"line":268},"21":{"name":"(anonymous_21)","decl":{"start":{"line":269,"column":12},"end":{"line":269,"column":13}},"loc":{"start":{"line":269,"column":39},"end":{"line":269,"column":51}},"line":269},"22":{"name":"(anonymous_22)","decl":{"start":{"line":274,"column":21},"end":{"line":274,"column":22}},"loc":{"start":{"line":274,"column":35},"end":{"line":274,"column":68}},"line":274},"23":{"name":"(anonymous_23)","decl":{"start":{"line":275,"column":22},"end":{"line":275,"column":23}},"loc":{"start":{"line":275,"column":31},"end":{"line":275,"column":54}},"line":275},"24":{"name":"getRespawnPoint","decl":{"start":{"line":299,"column":16},"end":{"line":299,"column":32}},"loc":{"start":{"line":299,"column":106},"end":{"line":302,"column":null}},"line":299}},"branchMap":{"0":{"loc":{"start":{"line":12,"column":2},"end":{"line":29,"column":null}},"type":"if","locations":[{"start":{"line":12,"column":2},"end":{"line":29,"column":null}},{"start":{},"end":{}}],"line":12},"1":{"loc":{"start":{"line":31,"column":2},"end":{"line":48,"column":null}},"type":"if","locations":[{"start":{"line":31,"column":2},"end":{"line":48,"column":null}},{"start":{},"end":{}}],"line":31},"2":{"loc":{"start":{"line":50,"column":2},"end":{"line":67,"column":null}},"type":"if","locations":[{"start":{"line":50,"column":2},"end":{"line":67,"column":null}},{"start":{},"end":{}}],"line":50},"3":{"loc":{"start":{"line":90,"column":2},"end":{"line":90,"column":null}},"type":"if","locations":[{"start":{"line":90,"column":2},"end":{"line":90,"column":null}},{"start":{},"end":{}}],"line":90},"4":{"loc":{"start":{"line":111,"column":2},"end":{"line":111,"column":null}},"type":"if","locations":[{"start":{"line":111,"column":2},"end":{"line":111,"column":null}},{"start":{},"end":{}}],"line":111},"5":{"loc":{"start":{"line":119,"column":4},"end":{"line":119,"column":null}},"type":"if","locations":[{"start":{"line":119,"column":4},"end":{"line":119,"column":null}},{"start":{},"end":{}}],"line":119},"6":{"loc":{"start":{"line":119,"column":8},"end":{"line":119,"column":82}},"type":"binary-expr","locations":[{"start":{"line":119,"column":8},"end":{"line":119,"column":46}},{"start":{"line":119,"column":46},"end":{"line":119,"column":82}}],"line":119},"7":{"loc":{"start":{"line":120,"column":4},"end":{"line":120,"column":null}},"type":"if","locations":[{"start":{"line":120,"column":4},"end":{"line":120,"column":null}},{"start":{},"end":{}}],"line":120},"8":{"loc":{"start":{"line":135,"column":21},"end":{"line":137,"column":null}},"type":"cond-expr","locations":[{"start":{"line":136,"column":6},"end":{"line":136,"column":null}},{"start":{"line":137,"column":6},"end":{"line":137,"column":null}}],"line":135},"9":{"loc":{"start":{"line":150,"column":2},"end":{"line":150,"column":null}},"type":"if","locations":[{"start":{"line":150,"column":2},"end":{"line":150,"column":null}},{"start":{},"end":{}}],"line":150},"10":{"loc":{"start":{"line":156,"column":2},"end":{"line":156,"column":null}},"type":"if","locations":[{"start":{"line":156,"column":2},"end":{"line":156,"column":null}},{"start":{},"end":{}}],"line":156},"11":{"loc":{"start":{"line":159,"column":22},"end":{"line":163,"column":null}},"type":"cond-expr","locations":[{"start":{"line":160,"column":6},"end":{"line":160,"column":null}},{"start":{"line":161,"column":6},"end":{"line":163,"column":null}}],"line":159},"12":{"loc":{"start":{"line":161,"column":6},"end":{"line":163,"column":null}},"type":"cond-expr","locations":[{"start":{"line":162,"column":8},"end":{"line":162,"column":null}},{"start":{"line":163,"column":8},"end":{"line":163,"column":null}}],"line":161},"13":{"loc":{"start":{"line":167,"column":7},"end":{"line":167,"column":null}},"type":"cond-expr","locations":[{"start":{"line":167,"column":30},"end":{"line":167,"column":77}},{"start":{"line":167,"column":77},"end":{"line":167,"column":null}}],"line":167},"14":{"loc":{"start":{"line":172,"column":2},"end":{"line":175,"column":null}},"type":"if","locations":[{"start":{"line":172,"column":2},"end":{"line":175,"column":null}},{"start":{},"end":{}}],"line":172},"15":{"loc":{"start":{"line":172,"column":6},"end":{"line":172,"column":66}},"type":"binary-expr","locations":[{"start":{"line":172,"column":6},"end":{"line":172,"column":34}},{"start":{"line":172,"column":34},"end":{"line":172,"column":66}}],"line":172},"16":{"loc":{"start":{"line":176,"column":2},"end":{"line":178,"column":null}},"type":"if","locations":[{"start":{"line":176,"column":2},"end":{"line":178,"column":null}},{"start":{},"end":{}}],"line":176},"17":{"loc":{"start":{"line":176,"column":6},"end":{"line":176,"column":70}},"type":"binary-expr","locations":[{"start":{"line":176,"column":6},"end":{"line":176,"column":38}},{"start":{"line":176,"column":38},"end":{"line":176,"column":70}}],"line":176},"18":{"loc":{"start":{"line":179,"column":2},"end":{"line":185,"column":null}},"type":"if","locations":[{"start":{"line":179,"column":2},"end":{"line":185,"column":null}},{"start":{},"end":{}}],"line":179},"19":{"loc":{"start":{"line":180,"column":15},"end":{"line":180,"column":30}},"type":"binary-expr","locations":[{"start":{"line":180,"column":15},"end":{"line":180,"column":25}},{"start":{"line":180,"column":25},"end":{"line":180,"column":30}}],"line":180},"20":{"loc":{"start":{"line":181,"column":15},"end":{"line":181,"column":30}},"type":"binary-expr","locations":[{"start":{"line":181,"column":15},"end":{"line":181,"column":25}},{"start":{"line":181,"column":25},"end":{"line":181,"column":30}}],"line":181},"21":{"loc":{"start":{"line":206,"column":2},"end":{"line":208,"column":null}},"type":"if","locations":[{"start":{"line":206,"column":2},"end":{"line":208,"column":null}},{"start":{},"end":{}}],"line":206},"22":{"loc":{"start":{"line":225,"column":4},"end":{"line":228,"column":null}},"type":"if","locations":[{"start":{"line":225,"column":4},"end":{"line":228,"column":null}},{"start":{},"end":{}}],"line":225},"23":{"loc":{"start":{"line":238,"column":2},"end":{"line":238,"column":null}},"type":"if","locations":[{"start":{"line":238,"column":2},"end":{"line":238,"column":null}},{"start":{},"end":{}}],"line":238},"24":{"loc":{"start":{"line":242,"column":4},"end":{"line":242,"column":null}},"type":"if","locations":[{"start":{"line":242,"column":4},"end":{"line":242,"column":null}},{"start":{},"end":{}}],"line":242},"25":{"loc":{"start":{"line":249,"column":4},"end":{"line":249,"column":null}},"type":"if","locations":[{"start":{"line":249,"column":4},"end":{"line":249,"column":null}},{"start":{},"end":{}}],"line":249},"26":{"loc":{"start":{"line":301,"column":9},"end":{"line":301,"column":null}},"type":"cond-expr","locations":[{"start":{"line":301,"column":22},"end":{"line":301,"column":61}},{"start":{"line":301,"column":61},"end":{"line":301,"column":null}}],"line":301}},"s":{"0":280,"1":990,"2":21,"3":14,"4":7,"5":3,"6":4,"7":0,"8":4,"9":21,"10":21,"11":21,"12":18,"13":3,"14":21,"15":4,"16":17,"17":422,"18":17,"19":17,"20":17,"21":202,"22":202,"23":202,"24":202,"25":200,"26":2,"27":0,"28":2,"29":2,"30":17,"31":235,"32":235,"33":235,"34":235,"35":426,"36":426,"37":0,"38":0,"39":426,"40":0,"41":426,"42":426,"43":426,"44":426,"45":4,"46":4,"47":426,"48":12,"49":426,"50":0,"51":0,"52":0,"53":0,"54":0,"55":426,"56":96,"57":96,"58":21,"59":4,"60":12,"61":17,"62":17,"63":84,"64":84,"65":121,"66":121,"67":121,"68":1483,"69":1483,"70":1483,"71":1483,"72":1483,"73":691,"74":691,"75":121,"76":21,"77":237,"78":21,"79":21,"80":0,"81":21,"82":21,"83":121,"84":121,"85":0,"86":121,"87":121,"88":121,"89":6,"90":115,"91":21,"92":21,"93":21,"94":235,"95":21,"96":21,"97":442,"98":21,"99":426,"100":426,"101":21,"102":21,"103":237,"104":426,"105":21,"106":21,"107":21,"108":21,"109":21},"f":{"0":280,"1":990,"2":21,"3":21,"4":21,"5":422,"6":235,"7":426,"8":426,"9":96,"10":21,"11":12,"12":84,"13":84,"14":121,"15":21,"16":237,"17":21,"18":235,"19":442,"20":426,"21":426,"22":237,"23":426,"24":21},"b":{"0":[14,7],"1":[3,4],"2":[0,4],"3":[18,3],"4":[4,17],"5":[200,2],"6":[202,2],"7":[0,2],"8":[54,181],"9":[426,0],"10":[0,426],"11":[43,383],"12":[0,383],"13":[43,383],"14":[4,422],"15":[426,4],"16":[12,414],"17":[426,12],"18":[0,426],"19":[0,0],"20":[0,0],"21":[4,17],"22":[691,792],"23":[0,21],"24":[0,121],"25":[6,115],"26":[21,0]},"meta":{"lastBranch":27,"lastFunction":25,"lastStatement":110,"seen":{"f:3:9:3:15":0,"s:4:2:4:Infinity":0,"f:7:9:7:15":1,"s:8:2:8:Infinity":1,"f:11:9:11:22":2,"b:12:2:29:Infinity:undefined:undefined:undefined:undefined":0,"s:12:2:29:Infinity":2,"s:13:4:28:Infinity":3,"b:31:2:48:Infinity:undefined:undefined:undefined:undefined":1,"s:31:2:48:Infinity":4,"s:32:4:47:Infinity":5,"b:50:2:67:Infinity:undefined:undefined:undefined:undefined":2,"s:50:2:67:Infinity":6,"s:51:4:66:Infinity":7,"s:69:2:84:Infinity":8,"f:87:16:87:37":3,"s:88:15:88:Infinity":9,"s:89:21:89:Infinity":10,"b:90:2:90:Infinity:undefined:undefined:undefined:undefined":3,"s:90:2:90:Infinity":11,"s:90:24:90:Infinity":12,"s:92:2:107:Infinity":13,"f:110:9:110:31":4,"b:111:2:111:Infinity:undefined:undefined:undefined:undefined":4,"s:111:2:111:Infinity":14,"s:111:35:111:Infinity":15,"s:113:17:113:Infinity":16,"f:113:37:113:38":5,"s:113:47:113:56":17,"s:114:30:114:Infinity":18,"s:115:2:130:Infinity":19,"s:115:15:115:18":20,"s:116:20:116:Infinity":21,"s:117:17:117:Infinity":22,"s:118:16:118:Infi
[...]
type":"if","locations":[{"start":{"line":23,"column":4},"end":{"line":23,"column":null}},{"start":{},"end":{}}],"line":23},"7":{"loc":{"start":{"line":49,"column":103},"end":{"line":49,"column":114}},"type":"default-arg","locations":[{"start":{"line":49,"column":110},"end":{"line":49,"column":114}}],"line":49},"8":{"loc":{"start":{"line":49,"column":114},"end":{"line":49,"column":147}},"type":"default-arg","locations":[{"start":{"line":49,"column":143},"end":{"line":49,"column":147}}],"line":49},"9":{"loc":{"start":{"line":50,"column":4},"end":{"line":50,"column":null}},"type":"if","locations":[{"start":{"line":50,"column":4},"end":{"line":50,"column":null}},{"start":{},"end":{}}],"line":50},"10":{"loc":{"start":{"line":51,"column":15},"end":{"line":51,"column":null}},"type":"binary-expr","locations":[{"start":{"line":51,"column":15},"end":{"line":51,"column":48}},{"start":{"line":51,"column":48},"end":{"line":51,"column":null}}],"line":51},"11":{"loc":{"start":{"line":60,"column":8},"end":{"line":60,"column":null}},"type":"if","locations":[{"start":{"line":60,"column":8},"end":{"line":60,"column":null}},{"start":{},"end":{}}],"line":60},"12":{"loc":{"start":{"line":62,"column":8},"end":{"line":65,"column":null}},"type":"if","locations":[{"start":{"line":62,"column":8},"end":{"line":65,"column":null}},{"start":{},"end":{}}],"line":62},"13":{"loc":{"start":{"line":74,"column":8},"end":{"line":74,"column":null}},"type":"if","locations":[{"start":{"line":74,"column":8},"end":{"line":74,"column":null}},{"start":{},"end":{}}],"line":74},"14":{"loc":{"start":{"line":79,"column":4},"end":{"line":84,"column":null}},"type":"if","locations":[{"start":{"line":79,"column":4},"end":{"line":84,"column":null}},{"start":{"line":82,"column":11},"end":{"line":84,"column":null}}],"line":79},"15":{"loc":{"start":{"line":87,"column":4},"end":{"line":89,"column":null}},"type":"if","locations":[{"start":{"line":87,"column":4},"end":{"line":89,"column":null}},{"start":{},"end":{}}],"line":87},"16":{"loc":{"start":{"line":102,"column":4},"end":{"line":114,"column":null}},"type":"if","locations":[{"start":{"line":102,"column":4},"end":{"line":114,"column":null}},{"start":{"line":104,"column":4},"end":{"line":114,"column":null}}],"line":102},"17":{"loc":{"start":{"line":102,"column":8},"end":{"line":102,"column":48}},"type":"binary-expr","locations":[{"start":{"line":102,"column":8},"end":{"line":102,"column":29}},{"start":{"line":102,"column":29},"end":{"line":102,"column":48}}],"line":102},"18":{"loc":{"start":{"line":104,"column":4},"end":{"line":114,"column":null}},"type":"if","locations":[{"start":{"line":104,"column":4},"end":{"line":114,"column":null}},{"start":{"line":106,"column":4},"end":{"line":114,"column":null}}],"line":104},"19":{"loc":{"start":{"line":104,"column":15},"end":{"line":104,"column":57}},"type":"binary-expr","locations":[{"start":{"line":104,"column":15},"end":{"line":104,"column":37}},{"start":{"line":104,"column":37},"end":{"line":104,"column":57}}],"line":104},"20":{"loc":{"start":{"line":106,"column":4},"end":{"line":114,"column":null}},"type":"if","locations":[{"start":{"line":106,"column":4},"end":{"line":114,"column":null}},{"start":{"line":108,"column":4},"end":{"line":114,"column":null}}],"line":106},"21":{"loc":{"start":{"line":106,"column":15},"end":{"line":106,"column":56}},"type":"binary-expr","locations":[{"start":{"line":106,"column":15},"end":{"line":106,"column":36}},{"start":{"line":106,"column":36},"end":{"line":106,"column":56}}],"line":106},"22":{"loc":{"start":{"line":108,"column":4},"end":{"line":114,"column":null}},"type":"if","locations":[{"start":{"line":108,"column":4},"end":{"line":114,"column":null}},{"start":{"line":110,"column":4},"end":{"line":114,"column":null}}],"line":108},"23":{"loc":{"start":{"line":108,"column":15},"end":{"line":108,"column":56}},"type":"binary-expr","locations":[{"start":{"line":108,"column":15},"end":{"line":108,"column":36}},{"start":{"line":108,"column":36},"end":{"line":108,"column":56}}],"line":108},"24":{"loc":{"start":{"line":110,"column":4},"end":{"line":114,"column":null}},"type":"if","locations":[{"start":{"line":110,"column":4},"end":{"line":114,"column":null}},{"start":{"line":112,"column":4},"end":{"line":114,"column":null}}],"line":110},"25":{"loc":{"start":{"line":110,"column":15},"end":{"line":110,"column":56}},"type":"binary-expr","locations":[{"start":{"line":110,"column":15},"end":{"line":110,"column":36}},{"start":{"line":110,"column":36},"end":{"line":110,"column":56}}],"line":110},"26":{"loc":{"start":{"line":112,"column":4},"end":{"line":114,"column":null}},"type":"if","locations":[{"start":{"line":112,"column":4},"end":{"line":114,"column":null}},{"start":{},"end":{}}],"line":112},"27":{"loc":{"start":{"line":112,"column":15},"end":{"line":112,"column":56}},"type":"binary-expr","locations":[{"start":{"line":112,"column":15},"end":{"line":112,"column":36}},{"start":{"line":112,"column":36},"end":{"line":112,"column":56}}],"line":112},"28":{"loc":{"start":{"line":132,"column":4},"end":{"line":134,"column":null}},"type":"if","locations":[{"start":{"line":132,"column":4},"end":{"line":134,"column":null}},{"start":{},"end":{}}],"line":132},"29":{"loc":{"start":{"line":132,"column":8},"end":{"line":132,"column":84}},"type":"binary-expr","locations":[{"start":{"line":132,"column":8},"end":{"line":132,"column":27}},{"start":{"line":132,"column":27},"end":{"line":132,"column":84}}],"line":132},"30":{"loc":{"start":{"line":137,"column":4},"end":{"line":141,"column":null}},"type":"if","locations":[{"start":{"line":137,"column":4},"end":{"line":141,"column":null}},{"start":{},"end":{}}],"line":137},"31":{"loc":{"start":{"line":143,"column":4},"end":{"line":146,"column":null}},"type":"if","locations":[{"start":{"line":143,"column":4},"end":{"line":146,"column":null}},{"start":{},"end":{}}],"line":143},"32":{"loc":{"start":{"line":143,"column":8},"end":{"line":143,"column":59}},"type":"binary-expr","locations":[{"start":{"line":143,"column":8},"end":{"line":143,"column":27}},{"start":{"line":143,"column":27},"end":{"line":143,"column":59}}],"line":143},"33":{"loc":{"start":{"line":147,"column":4},"end":{"line":159,"column":null}},"type":"if","locations":[{"start":{"line":147,"column":4},"end":{"line":159,"column":null}},{"start":{},"end":{}}],"line":147},"34":{"loc":{"start":{"line":148,"column":8},"end":{"line":150,"column":null}},"type":"if","locations":[{"start":{"line":148,"column":8},"end":{"line":150,"column":null}},{"start":{},"end":{}}],"line":148},"35":{"loc":{"start":{"line":148,"column":12},"end":{"line":148,"column":51}},"type":"binary-expr","locations":[{"start":{"line":148,"column":12},"end":{"line":148,"column":33}},{"start":{"line":148,"column":33},"end":{"line":148,"column":51}}],"line":148},"36":{"loc":{"start":{"line":151,"column":8},"end":{"line":155,"column":null}},"type":"if","locations":[{"start":{"line":151,"column":8},"end":{"line":155,"column":null}},{"start":{},"end":{}}],"line":151},"37":{"loc":{"start":{"line":151,"column":12},"end":{"line":151,"column":74}},"type":"binary-expr","locations":[{"start":{"line":151,"column":12},"end":{"line":151,"column":33}},{"start":{"line":151,"column":33},"end":{"line":151,"column":56}},{"start":{"line":151,"column":56},"end":{"line":151,"column":74}}],"line":151},"38":{"loc":{"start":{"line":156,"column":8},"end":{"line":158,"column":null}},"type":"if","locations":[{"start":{"line":156,"column":8},"end":{"line":158,"column":null}},{"start":{},"end":{}}],"line":156},"39":{"loc":{"start":{"line":165,"column":4},"end":{"line":187,"column":null}},"type":"if","locations":[{"start":{"line":165,"column":4},"end":{"line":187,"column":null}},{"start":{"line":180,"column":4},"end":{"line":187,"column":null}}],"line":165},"40":{"loc":{"start":{"line":179,"column":95},"end":{"line":179,"column":121}},"type":"binary-expr","locations":[{"start":{"line":179,"column":95},"end":{"line":179,"column":113}},{"start":{"line":179,"column":113},"end":{"line":179,"column":121}}],"line":179},"41":{"loc":{"start":{"line":180,"column":4},"end":{"line":187,"column":null}},"type":"if","locations":[{"start":{"line":180,"column":4},"end":{"line":187,"column":null}},{"start":{"line":184,"column":11},"end":{"line":187,"column":null}}],"line":180},"42":{"loc":{"start":{"line":183,"column":95},"end":{"line":183,"column":121}},"type":"binary-expr","locations":[{"start":{"line":183,"column":95},"end":{"line":183,"column":113}},{"start":{"line":183,"column":113},"end":{"line":183,"column":121}}],"line":183},"43":{"loc":{"start":{"line":186,"column":95},"end":{"line":186,"column":121}},"type":"binary-expr","locations":[{"start":{"line":186,"column":95},"end":{"line":186,"column":113}},{"start":{"line":186,"column":113},"end":{"line":186,"column":121}}],"line":186},"44":{"loc":{"start":{"line":192,"column":4},"end":{"line":192,"column":null}},"type":"if","locations":[{"start":{"line":192,"column":4},"end":{"line":192,"column":null}},{"start":{},"end":{}}],"line":192},"45":{"loc":{"start":{"line":193,"column":52},"end":{"line":193,"column":83}},"type":"cond-expr","locations":[{"start":{"line":193,"column":78},"end":{"line":193,"column":82}},{"start":{"line":193,"column":82},"end":{"line":193,"column":83}}],"line":193},"46":{"loc":{"start":{"line":194,"column":16},"end":{"line":194,"column":40}},"type":"cond-expr","locations":[{"start":{"line":194,"column":30},"end":{"line":194,"column":34}},{"start":{"line":194,"column":34},"end":{"line":194,"column":40}}],"line":194},"47":{"loc":{"start":{"line":197,"column":4},"end":{"line":232,"column":null}},"type":"if","locations":[{"start":{"line":197,"column":4},"end":{"line":232,"column":null}},{"start":{},"end":{}}],"line":197},"48":{"loc":{"start":{"line":201,"column":26},"end":{"line":201,"column":null}},"type":"cond-expr","locations":[{"start":{"line":201,"column":52},"end":{"line":201,"column":57}},{"start":{"line":201,"column":57},"end":{"line":201,"column":null}}],"line":201},"49":{"loc":{"start":{"line":205,"column":8},"end":{"line":208,"column":null}},"type":"if","locations":[{"start":{"line":205,"column":8},"end":{"line":208,"column":null}},{"start":{},"end":{}}],"line":205},"50":{"loc":{"start":{"line":209,"column":8},"end":{"line":212,"column":null}},"type":"if","locations":[{"start":{"line":209,"column":8},"end":{"line":212,"column":null}},{"start":{},"end":{}}],"line":209},"51":{"loc":{"start":{"line":218,"column":8},"end":{"line":229,"column":null}},"type":"if","locations":[{"start":{"line":218,"column":8},"end":{"line":229,"column":null}},{"start":{},"end":{}}],"line":218},"52":{"loc":{"start":{"line":231,"column":8},"end":{"line":231,"column":null}},"type":"if","locations":[{"start":{"line":231,"column":8},"end":{"line":231,"column":null}},{"start":{},"end":{}}],"line":231}},"s":{"0":2,"1":0,"2":2,"3":2,"4":0,"5":15,"6":15,"7":0,"8":15,"9":15,"10":15,"11":15,"12":15,"13":0,"14":15,"15":15,"16":15,"17":67,"18":67,"19":67,"20":67,"21":67,"22":67,"23":67,"24":67,"25":67,"26":67,"27":67,"28":67,"29":67,"30":9,"31":6,"32":9,"33":9,"34":9,"35":9,"36":9,"37":9,"38":9,"39":9,"40":9,"41":9,"42":5,"43":5,"44":3,"45":3,"46":3,"47":1,"48":3,"49":3,"50":0,"51":0,"52":5,"53":5,"54":0,"55":0,"56":0,"57":0,"58":0,"59":4,"60":1,"61":1,"62":3,"63":4,"64":4,"65":4,"66":4,"67":4,"68":2,"69":1,"70":1,"71":1,"72":1,"73":1,"74":1,"75":0,"76":0,"77":0,"78":1,"79":1,"80":1,"81":1,"82":1,"83":0,"84":0,"85":0,"86":0,"87":0,"88":0,"89":0,"90":0,"91":0,"92":0,"93":0,"94":0,"95":0,"96":0,"97":0,"98":0,"99":0,"100":0,"101":0,"102":1,"103":1,"104":1,"105":1,"106":3,"107":3,"108":3,"109":3,"110":1,"111":1,"112":3,"113":1,"114":0,"115":0,"116":0,"117":3,"118":0,"119":0,"120":3,"121":0,"122":0,"123":0,"124":0,"125":0,"126":0,"127":0,"128":0,"129":3,"130":3,"131":1,"132":1,"133":1,"134":1,"135":5,"136":1,"137":2,"138":0,"139":0,"140":0,"141":2,"142":2,"143":3,"144":3,"145":3,"146":3,"147":0,"148":3,"149":3,"150":3,"151":3,"152":1,"153":1,"154":1,"155":1,"156":1,"157":1,"158":1,"159":1,"160":0,"161":0,"162":1,"163":1,"164":1,"165":1,"166":1,"167":1,"168":1,"169":1,"170":1,"171":0},"f":{"0":2,"1":15,"2":9,"3":5,"4":5,"5":4,"6":2,"7":1,"8":3,"9":1,"10":1},"b":{"0":[0,2],"1":[0,2],"2":[15,0],"3":[0,0],"4":[0,15],"5":[15,0],"6":[0,15],"7":[9],"8":[9],"9":[6,3],"10":[9,9],"11":[1,2],"12":[0,3],"13":[0,0],"14":[1,3],"15":[4,0],"16":[0,1],"17":[1,0],"18":[1,0],"19":[1,1],"20":[0,0],"21":[0,0],"22":[0,0],"23":[0,0],"24":[0,0],"25":[0,0],"26":[0,0],"27":[0,0],"28":[1,2],"29":[3,3],"30":[0,3],"31":[0,3],"32":[3,3],"33":[0,3],"34":[0,0],"35":[0,0],"36":[0,0],"37":[0,0,0],"38":[0,0],"39":[1,2],"40":[1,0],"41":[0,2],"42":[0,0],"43":[2,0],"44":[0,3],"45":[1,2],"46":[3,0],"47":[1,2],"48":[1,0],"49":[0,1],"50":[1,0],"51":[1,0],"52":[0,1]},"meta":{"lastBranch":53,"lastFunction":11,"lastStatement":172,"seen":{"f:9:16:9:24":0,"b:10:4:10:Infinity:undefined:undefined:undefined:undefined":0,"s:10:4:10:Infinity":0,"s:10:31:10:Infinity":1,"s:11:4:13:Infinity":2,"b:12:8:12:Infinity:undefined:undefined:undefined:undefined":1,"s:12:8:12:Infinity":3,"s:12:31:12:Infinity":4,"f:16:16:16:31":1,"s:18:25:18:Infinity":5,"b:18:59:18:65:18:65:18:Infinity":2,"b:18:102:18:108:18:108:18:Infinity":3,"b:19:4:19:Infinity:undefined:undefined:undefined:undefined":4,"s:19:4:19:Infinity":6,"s:19:48:19:Infinity":7,"s:20:22:20:Infinity":8,"s:21:17:21:Infinity":9,"b:22:4:22:Infinity:undefined:undefined:undefined:undefined":5,"s:22:4:22:Infinity":10,"s:22:41:22:Infinity":11,"b:23:4:23:Infinity:undefined:undefined:undefined:undefined":6,"s:23:4:23:Infinity":12,"s:23:44:23:Infinity":13,"s:25:46:30:Infinity":14,"s:32:4:46:Infinity":15,"s:32:17:32:20":16,"s:33:22:33:Infinity":17,"s:34:22:34:Infinity":18,"s:35:18:35:Infinity":19,"s:36:8:36:Infinity":20,"s:37:8:37:Infinity":21,"s:38:8:38:Infinity":22,"s:39:8:39:Infinity":23,"s:40:8:40:Infinity":24,"s:41:8:41:Infinity":25,"s:42:8:42:Infinity":26,"s:43:8:43:Infinity":27,"s:44:8:44:Infinity":28,"s:45:8:45:Infinity":29,"f:49:16:49:34":2,"b:49:110:49:114":7,"b:49:143:49:147":8,"b:50:4:50:Infinity:undefined:undefined:undefined:undefined":9,"s:50:4:50:Infinity":30,"s:50:34:50:Infinity":31,"s:51:15:51:Infinity":32,"b:51:15:51:48:51:48:51:Infinity":10,"s:52:4:52:14":33,"s:52:14:52:24":34,"s:52:24:52:40":35,"s:52:40:52:58":36,"s:52:58:52:72":37,"s:52:72:52:89":38,"s:52:89:52:105":39,"s:52:106:52:Infinity":40,"s:53:4:53:Infinity":41,"f:56:16:56:36":3,"s:57:4:66:Infinity":42,"s:57:17:57:49":43,"s:58:18:58:Infinity":44,"s:59:8:59:Infinity":45,"b:60:8:60:Infinity:undefined:undefined:undefined:undefined":11,"s:60:8:60:Infinity":46,"s:60:22:60:Infinity":47,"s:61:8:61:Infinity":48,"b:62:8:65:Infinity:undefined:undefined:undefined:undefined":12,"s:62:8:65:Infinity":49,"s:63:25:63:Infinity":50,"s:64:12:64:Infinity":51,"f:69:16:69:33":4,"s:70:4:75:Infinity":52,"s:70:17:70:46":53,"s:71:18:71:Infinity":54,"s:72:8:72:Infinity":55,"s:73:8:73:Infinity":56,"b:74:8:74:Infinity:undefined:undefined:undefined:undefined":13,"s:74:8:74:Infinity":57,"s:74:25:74:Infinity":58,"f:78:16:78:25":5,"b:79:4:84:Infinity:82:11:84:Infinity":14,"s:79:4:84:Infinity":59,"s:80:8:80:Infinity":60,"s:81:8:81:Infinity":61,"s:83:8:83:Infinity":62,"s:85:4:85:Infinity":63,"s:86:4:86:Infinity":64,"b:87:4:89:Infinity:undefined:undefined:undefined:undefined":15,"s:87:4:89:Infinity":65,"s:88:8:88:Infinity":66,"s:94:13:94:Infinity":67,"f:94:13:94:19":6,"s:94:19:94:Infinity":68,"f:96:16:96:34":7,"s:97:18:97:Infinity":69,"s:98:53:98:Infinity":70,"s:99:58:99:Infinity":71,"s:100:12:100:16":72,"s:100:24:100:Infinity":73,"b:102:4:114:Infinity:104:4:114:Infinity":16,"s:102:4:114:Infinity":74,"b:102:8:102:29:102:29:102:48":17,"s:103:8:103:30":75,"s:103:30:103:39":76,"s:103:39:103:Infinity":77,"b:104:4:114:Infinity:106:4:114:Infinity":18,"s:104:4:114:Infinity":78,"b:104:15:104:37:104:37:104:57":19,"s:105:8:105:27":79,"s:105:27:105:45":80,"s:105:45:105:54":81,"s:105:54:105:Infinity":82,"b:106:4:114:Infinity:108:4:114:Infinity":20,"s:106:4:114:Infinity":83,"b:106:15:106:36:106:36:106:56":21,"s:107:8:107:32":84,"s:107:32:107:41":85,"s:107:41:107:Infinity":86,"b:108:4:114:Infinity:110:4:114:Infinity":22,"s:108:4:114:Infinity":87,"b:108:15:108:36:108:36:108:56":23,"s:109:8:109:29":88,"s:109:29:109:49":89,"s:109:49:109:58":90,"s:109:58:109:Infinity":91,"b:110:4:114:Infinity:112:4:114:Infinity":24,"s:110:4:114:Infinity":92,"b:110:15:110:36:110:36:110:56":25,"s:111:8:111:30":93,"s:111:30:111:50":94,"s:111:50:111:59":95,"s:111:59:111:Infinity":96,"b:112:4:114:Infinity:undefined:undefined:undefined:undefined":26,"s:112:4:114:Infinity":97,"b:112:15:112:36:112:36:112:56":27,"s:113:8:113:29":98,"s:113:29:113:48":99,"s:113:48:113:57":100,"s:113:57:113:Infinity":101,"s:116:4:119:Infinity":102,"s:121:4:121:Infinity":103,"s:122:4:122:Infinity":104,"s:123:4:123:Infinity":105,"f:126:16:126:31":8,"s:127:17:127:Infinity":106,"s:128:19:128:Infinity":107,"s:129:14:129:Infinity":108,"b:132:4:134:Infinity:undefined:undefined:undefined:undefined":28,"s:132:4:134:Infinity":109,"b:132:8:132:27:132:27:132:84":29,"f:132:51:132:56":9,"s:132:56:132:81":110,"s:133:8:133:Infinity":111,"b:137:4:141:Infinity:undefined:undefined:undefined:undefined":30,"s:137:4:141:Infinity":112,"f:137:32:137:37":10,"s:137:37:137:65":113,"s:138:28:138:Infinity":114,"s:139:29:139:Infinity":115,"s:140:8:140:Infinity":116,"b:143:4:146:Infinity:undefined:undefined:undefined:undefined":31,"s:143:4:146:Infinity":117,"b:143:8:143:27:143:27:143:59":32,"s:144:8:144:Infinity":118,"s:145:8:145:Infinity":119,"b:147:4:159:Infinity:undefined:undefined:undefined:undefined":33,"s:147:4:159:Infinity":120,"b:148:8:150:Infinity:undefined:undefined:undefined:undefined":34,"s:148:8:150:Infinity":121,"b:148:12:148:33:148:33:148:51":35,"s:149:12:149:Infinity":122,"b:151:8:155:Infinity:undefined:undefined:undefined:undefined":36,"s:151:8:155:Infinity":123,"b:151:12:151:33:151:33:151:56:151:56:151:74":37,"s:152:12:152:Infinity":124,"s:153:12:153:Infinity":125,"s:154:12:154:Infinity":126,"b:156:8:158:Infinity:undefined:undefined:undefined:undefined":38,"s:156:8:158:Infinity":127,"s:157:12:157:Infinity":128,"s:161:46:163:Infinity":129,"b:165:4:187:Infinity:180:4:187:Infinity":39,"s:165:4:187:Infinity":130,"s:166:8:166:Infinity":131,"s:167:8:167:Infinity":132,"s:169:8:178:Infinity":133,"s:169:21:169:24":134,"s:170:12:177:Infinity":135,"s:179:8:179:Infinity":136,"b:179:95:179:113:179:113:179:121":40,"b:180:4:187:Infinity:184:11:187:Infinity":41,"s:180:4:187:Infinity":137,"s:181:8:181:Infinity":138,"s:182:8:182:Infinity":139,"s:183:8:183:Infinity":140,"b:183:95:183:113:183:113:183:121":42,"s:185:8:185:Infinity":141,"s:186:8:186:Infinity":142,"b:186:95:186:113:186:113:186:121":43,"s:189:4:189:Infinity":143,"s:190:4:190:Infinity":144,"s:191:4:191:Infinity":145,"b:192:4:192:Infinity:undefined:undefined:undefined:undefined":44,"s:192:4:192:Infinity":146,"s:192:26:192:Infinity":147,"s:193:4:193:Infinity":148,"b:193:78:193:82:193:82:193:83":45,"s:194:4:194:Infinity":149,"b:194:30:194:34:194:34:194:40":46,"s:195:4:195:Infinity":150,"b:197:4:232:Infinity:undefined:undefined:undefined:undefined":47,"s:197:4:232:Infinity":151,"s:198:8:198:Infinity":152,"s:199:8:199:Infinity":153,"s:200:8:200:Infinity":154,"s:201:26:201:Infinity":155,"b:201:52:201:57:201:57:201:Infinity":48,"s:202:8:202:Infinity":156,"s:203:8:203:Infinity":157,"s:204:22:204:Infinity":158,"b:205:8:208:Infinity:undefined:undefined:undefined:undefined":49,"s:205:8:208:Infinity":159,"s:206:12:206:Infinity":160,"s:207:12:207:Infinity":161,"b:209:8:212:Infinity:undefined:undefined:undefined:undefined":50,"s:209:8:212:Infinity":162,"s:210:12:210:Infinity":163,"s:211:12:211:Infinity":164,"s:213:8:213:Infinity":165,"s:214:8:214:Infinity":166,"s:215:8:215:Infinity":167,"b:218:8:229:Infinity:undefined:undefined:undefined:undefined":51,"s:218:8:229:Infinity":168,"s:219:12:228:Infinity":169,"b:231:8:231:Infinity:undefined:undefined:undefined:undefined":52,"s:231:8:231:Infinity":170,"s:231:46:231:Infinity":171}}}
}
